<?xml version="1.0" encoding="UTF-8"?>
<robot generator="Robot 4.1.2 (Python 3.8.8 on win32)" generated="20211213 17:38:15.388" rpa="false" schemaversion="2">
<suite id="s1" name="Tests" source="E:\Documents\GitHub\Exercise--SeleniumIDE---RobotFramework-Practice\tests">
<suite id="s1-s1" name="Login" source="E:\Documents\GitHub\Exercise--SeleniumIDE---RobotFramework-Practice\tests\login.robot">
<test id="s1-s1-t1" name="Successful Login">
<kw name="Open Browser to Login Page" library="resources">
<kw name="Open Browser" library="SeleniumLibrary">
<arg>${LOGIN URL}</arg>
<arg>${BROWSER}</arg>
<doc>Opens a new browser instance to the optional ``url``.</doc>
<msg timestamp="20211213 17:38:15.630" level="INFO">Opening browser 'chrome' to base url 'https://www.saucedemo.com/'.</msg>
<status status="PASS" starttime="20211213 17:38:15.629" endtime="20211213 17:38:17.081"/>
</kw>
<kw name="Maximize Browser Window" library="SeleniumLibrary">
<doc>Maximizes current browser window.</doc>
<status status="PASS" starttime="20211213 17:38:17.081" endtime="20211213 17:38:17.194"/>
</kw>
<kw name="Set Selenium Speed" library="SeleniumLibrary">
<arg>${DELAY}</arg>
<doc>Sets the delay that is waited after each Selenium command.</doc>
<status status="PASS" starttime="20211213 17:38:17.194" endtime="20211213 17:38:17.195"/>
</kw>
<kw name="Login Page Should Be Open" library="resources">
<kw name="Page Should Contain Element" library="SeleniumLibrary">
<arg>login-button</arg>
<doc>Verifies that element ``locator`` is found on the current page.</doc>
<msg timestamp="20211213 17:38:17.204" level="INFO">Current page contains element 'login-button'.</msg>
<status status="PASS" starttime="20211213 17:38:17.195" endtime="20211213 17:38:17.204"/>
</kw>
<status status="PASS" starttime="20211213 17:38:17.195" endtime="20211213 17:38:17.204"/>
</kw>
<status status="PASS" starttime="20211213 17:38:15.629" endtime="20211213 17:38:17.204"/>
</kw>
<kw name="Input Username" library="resources">
<arg>${STANDARD USER}</arg>
<kw name="Input Text" library="SeleniumLibrary">
<arg>user-name</arg>
<arg>${username}</arg>
<doc>Types the given ``text`` into the text field identified by ``locator``.</doc>
<msg timestamp="20211213 17:38:17.205" level="INFO">Typing text 'standard_user' into text field 'user-name'.</msg>
<status status="PASS" starttime="20211213 17:38:17.205" endtime="20211213 17:38:17.278"/>
</kw>
<status status="PASS" starttime="20211213 17:38:17.205" endtime="20211213 17:38:17.278"/>
</kw>
<kw name="Input Pass" library="resources">
<arg>${VALID PASSWORD}</arg>
<kw name="Input Password" library="SeleniumLibrary">
<arg>password</arg>
<arg>${password}</arg>
<doc>Types the given password into the text field identified by ``locator``.</doc>
<msg timestamp="20211213 17:38:17.279" level="INFO">Typing password into text field 'password'.</msg>
<msg timestamp="20211213 17:38:17.308" level="INFO">Temporally setting log level to: NONE</msg>
<msg timestamp="20211213 17:38:17.340" level="INFO">Log level changed from NONE to INFO.</msg>
<status status="PASS" starttime="20211213 17:38:17.279" endtime="20211213 17:38:17.340"/>
</kw>
<status status="PASS" starttime="20211213 17:38:17.278" endtime="20211213 17:38:17.340"/>
</kw>
<kw name="Submit Credentials" library="resources">
<kw name="Click Button" library="SeleniumLibrary">
<arg>login-button</arg>
<doc>Clicks the button identified by ``locator``.</doc>
<msg timestamp="20211213 17:38:17.341" level="INFO">Clicking button 'login-button'.</msg>
<status status="PASS" starttime="20211213 17:38:17.341" endtime="20211213 17:38:17.410"/>
</kw>
<status status="PASS" starttime="20211213 17:38:17.340" endtime="20211213 17:38:17.410"/>
</kw>
<kw name="Product Page Should Be Open" library="resources">
<kw name="Element Text Should Be" library="SeleniumLibrary">
<arg>class:title</arg>
<arg>PRODUCTS</arg>
<doc>Verifies that element ``locator`` contains exact the text ``expected``.</doc>
<msg timestamp="20211213 17:38:17.411" level="INFO">Verifying element 'class:title' contains exact text 'PRODUCTS'.</msg>
<status status="PASS" starttime="20211213 17:38:17.411" endtime="20211213 17:38:17.433"/>
</kw>
<status status="PASS" starttime="20211213 17:38:17.410" endtime="20211213 17:38:17.433"/>
</kw>
<kw name="Close Browser" library="SeleniumLibrary" type="TEARDOWN">
<doc>Closes the current browser.</doc>
<status status="PASS" starttime="20211213 17:38:17.434" endtime="20211213 17:38:19.524"/>
</kw>
<status status="PASS" starttime="20211213 17:38:15.628" endtime="20211213 17:38:19.524"/>
</test>
<test id="s1-s1-t2" name="Locked Out Login">
<kw name="Open Browser to Login Page" library="resources">
<kw name="Open Browser" library="SeleniumLibrary">
<arg>${LOGIN URL}</arg>
<arg>${BROWSER}</arg>
<doc>Opens a new browser instance to the optional ``url``.</doc>
<msg timestamp="20211213 17:38:19.527" level="INFO">Opening browser 'chrome' to base url 'https://www.saucedemo.com/'.</msg>
<status status="PASS" starttime="20211213 17:38:19.526" endtime="20211213 17:38:20.922"/>
</kw>
<kw name="Maximize Browser Window" library="SeleniumLibrary">
<doc>Maximizes current browser window.</doc>
<status status="PASS" starttime="20211213 17:38:20.922" endtime="20211213 17:38:21.035"/>
</kw>
<kw name="Set Selenium Speed" library="SeleniumLibrary">
<arg>${DELAY}</arg>
<doc>Sets the delay that is waited after each Selenium command.</doc>
<status status="PASS" starttime="20211213 17:38:21.035" endtime="20211213 17:38:21.036"/>
</kw>
<kw name="Login Page Should Be Open" library="resources">
<kw name="Page Should Contain Element" library="SeleniumLibrary">
<arg>login-button</arg>
<doc>Verifies that element ``locator`` is found on the current page.</doc>
<msg timestamp="20211213 17:38:21.045" level="INFO">Current page contains element 'login-button'.</msg>
<status status="PASS" starttime="20211213 17:38:21.036" endtime="20211213 17:38:21.045"/>
</kw>
<status status="PASS" starttime="20211213 17:38:21.036" endtime="20211213 17:38:21.046"/>
</kw>
<status status="PASS" starttime="20211213 17:38:19.526" endtime="20211213 17:38:21.046"/>
</kw>
<kw name="Input Username" library="resources">
<arg>${LOCKED OUT USER}</arg>
<kw name="Input Text" library="SeleniumLibrary">
<arg>user-name</arg>
<arg>${username}</arg>
<doc>Types the given ``text`` into the text field identified by ``locator``.</doc>
<msg timestamp="20211213 17:38:21.047" level="INFO">Typing text 'locked_out_user' into text field 'user-name'.</msg>
<status status="PASS" starttime="20211213 17:38:21.047" endtime="20211213 17:38:21.120"/>
</kw>
<status status="PASS" starttime="20211213 17:38:21.046" endtime="20211213 17:38:21.120"/>
</kw>
<kw name="Input Pass" library="resources">
<arg>${VALID PASSWORD}</arg>
<kw name="Input Password" library="SeleniumLibrary">
<arg>password</arg>
<arg>${password}</arg>
<doc>Types the given password into the text field identified by ``locator``.</doc>
<msg timestamp="20211213 17:38:21.121" level="INFO">Typing password into text field 'password'.</msg>
<msg timestamp="20211213 17:38:21.149" level="INFO">Temporally setting log level to: NONE</msg>
<msg timestamp="20211213 17:38:21.183" level="INFO">Log level changed from NONE to INFO.</msg>
<status status="PASS" starttime="20211213 17:38:21.121" endtime="20211213 17:38:21.183"/>
</kw>
<status status="PASS" starttime="20211213 17:38:21.120" endtime="20211213 17:38:21.183"/>
</kw>
<kw name="Submit Credentials" library="resources">
<kw name="Click Button" library="SeleniumLibrary">
<arg>login-button</arg>
<doc>Clicks the button identified by ``locator``.</doc>
<msg timestamp="20211213 17:38:21.184" level="INFO">Clicking button 'login-button'.</msg>
<status status="PASS" starttime="20211213 17:38:21.184" endtime="20211213 17:38:21.225"/>
</kw>
<status status="PASS" starttime="20211213 17:38:21.184" endtime="20211213 17:38:21.225"/>
</kw>
<kw name="Error Message Shown" library="resources">
<arg>Epic sadface: Sorry, this user has been locked out.</arg>
<kw name="Element Text Should Be" library="SeleniumLibrary">
<arg>css:*[data-test="error"]</arg>
<arg>${error}</arg>
<doc>Verifies that element ``locator`` contains exact the text ``expected``.</doc>
<msg timestamp="20211213 17:38:21.227" level="INFO">Verifying element 'css:*[data-test="error"]' contains exact text 'Epic sadface: Sorry, this user has been locked out.'.</msg>
<status status="PASS" starttime="20211213 17:38:21.226" endtime="20211213 17:38:21.247"/>
</kw>
<status status="PASS" starttime="20211213 17:38:21.226" endtime="20211213 17:38:21.247"/>
</kw>
<kw name="Close Browser" library="SeleniumLibrary" type="TEARDOWN">
<doc>Closes the current browser.</doc>
<status status="PASS" starttime="20211213 17:38:21.247" endtime="20211213 17:38:23.332"/>
</kw>
<status status="PASS" starttime="20211213 17:38:19.526" endtime="20211213 17:38:23.332"/>
</test>
<test id="s1-s1-t3" name="Invalid Password">
<kw name="Open Browser to Login Page" library="resources">
<kw name="Open Browser" library="SeleniumLibrary">
<arg>${LOGIN URL}</arg>
<arg>${BROWSER}</arg>
<doc>Opens a new browser instance to the optional ``url``.</doc>
<msg timestamp="20211213 17:38:23.335" level="INFO">Opening browser 'chrome' to base url 'https://www.saucedemo.com/'.</msg>
<status status="PASS" starttime="20211213 17:38:23.334" endtime="20211213 17:38:24.735"/>
</kw>
<kw name="Maximize Browser Window" library="SeleniumLibrary">
<doc>Maximizes current browser window.</doc>
<status status="PASS" starttime="20211213 17:38:24.735" endtime="20211213 17:38:24.849"/>
</kw>
<kw name="Set Selenium Speed" library="SeleniumLibrary">
<arg>${DELAY}</arg>
<doc>Sets the delay that is waited after each Selenium command.</doc>
<status status="PASS" starttime="20211213 17:38:24.849" endtime="20211213 17:38:24.849"/>
</kw>
<kw name="Login Page Should Be Open" library="resources">
<kw name="Page Should Contain Element" library="SeleniumLibrary">
<arg>login-button</arg>
<doc>Verifies that element ``locator`` is found on the current page.</doc>
<msg timestamp="20211213 17:38:24.860" level="INFO">Current page contains element 'login-button'.</msg>
<status status="PASS" starttime="20211213 17:38:24.850" endtime="20211213 17:38:24.860"/>
</kw>
<status status="PASS" starttime="20211213 17:38:24.849" endtime="20211213 17:38:24.860"/>
</kw>
<status status="PASS" starttime="20211213 17:38:23.334" endtime="20211213 17:38:24.860"/>
</kw>
<kw name="Input Username" library="resources">
<arg>${STANDARD USER}</arg>
<kw name="Input Text" library="SeleniumLibrary">
<arg>user-name</arg>
<arg>${username}</arg>
<doc>Types the given ``text`` into the text field identified by ``locator``.</doc>
<msg timestamp="20211213 17:38:24.862" level="INFO">Typing text 'standard_user' into text field 'user-name'.</msg>
<status status="PASS" starttime="20211213 17:38:24.861" endtime="20211213 17:38:24.934"/>
</kw>
<status status="PASS" starttime="20211213 17:38:24.861" endtime="20211213 17:38:24.934"/>
</kw>
<kw name="Input Pass" library="resources">
<arg>${INVALID PASSWORD}</arg>
<kw name="Input Password" library="SeleniumLibrary">
<arg>password</arg>
<arg>${password}</arg>
<doc>Types the given password into the text field identified by ``locator``.</doc>
<msg timestamp="20211213 17:38:24.936" level="INFO">Typing password into text field 'password'.</msg>
<msg timestamp="20211213 17:38:24.964" level="INFO">Temporally setting log level to: NONE</msg>
<msg timestamp="20211213 17:38:24.995" level="INFO">Log level changed from NONE to INFO.</msg>
<status status="PASS" starttime="20211213 17:38:24.935" endtime="20211213 17:38:24.995"/>
</kw>
<status status="PASS" starttime="20211213 17:38:24.935" endtime="20211213 17:38:24.995"/>
</kw>
<kw name="Submit Credentials" library="resources">
<kw name="Click Button" library="SeleniumLibrary">
<arg>login-button</arg>
<doc>Clicks the button identified by ``locator``.</doc>
<msg timestamp="20211213 17:38:24.996" level="INFO">Clicking button 'login-button'.</msg>
<status status="PASS" starttime="20211213 17:38:24.996" endtime="20211213 17:38:25.040"/>
</kw>
<status status="PASS" starttime="20211213 17:38:24.995" endtime="20211213 17:38:25.040"/>
</kw>
<kw name="Error Message Shown" library="resources">
<arg>Epic sadface: Username and password do not match any user in this service</arg>
<kw name="Element Text Should Be" library="SeleniumLibrary">
<arg>css:*[data-test="error"]</arg>
<arg>${error}</arg>
<doc>Verifies that element ``locator`` contains exact the text ``expected``.</doc>
<msg timestamp="20211213 17:38:25.041" level="INFO">Verifying element 'css:*[data-test="error"]' contains exact text 'Epic sadface: Username and password do not match any user in this service'.</msg>
<status status="PASS" starttime="20211213 17:38:25.041" endtime="20211213 17:38:25.061"/>
</kw>
<status status="PASS" starttime="20211213 17:38:25.040" endtime="20211213 17:38:25.061"/>
</kw>
<kw name="Close Browser" library="SeleniumLibrary" type="TEARDOWN">
<doc>Closes the current browser.</doc>
<status status="PASS" starttime="20211213 17:38:25.062" endtime="20211213 17:38:27.145"/>
</kw>
<status status="PASS" starttime="20211213 17:38:23.333" endtime="20211213 17:38:27.145"/>
</test>
<test id="s1-s1-t4" name="Problem User Login">
<kw name="Open Browser to Login Page" library="resources">
<kw name="Open Browser" library="SeleniumLibrary">
<arg>${LOGIN URL}</arg>
<arg>${BROWSER}</arg>
<doc>Opens a new browser instance to the optional ``url``.</doc>
<msg timestamp="20211213 17:38:27.148" level="INFO">Opening browser 'chrome' to base url 'https://www.saucedemo.com/'.</msg>
<status status="PASS" starttime="20211213 17:38:27.148" endtime="20211213 17:38:28.538"/>
</kw>
<kw name="Maximize Browser Window" library="SeleniumLibrary">
<doc>Maximizes current browser window.</doc>
<status status="PASS" starttime="20211213 17:38:28.538" endtime="20211213 17:38:28.651"/>
</kw>
<kw name="Set Selenium Speed" library="SeleniumLibrary">
<arg>${DELAY}</arg>
<doc>Sets the delay that is waited after each Selenium command.</doc>
<status status="PASS" starttime="20211213 17:38:28.652" endtime="20211213 17:38:28.652"/>
</kw>
<kw name="Login Page Should Be Open" library="resources">
<kw name="Page Should Contain Element" library="SeleniumLibrary">
<arg>login-button</arg>
<doc>Verifies that element ``locator`` is found on the current page.</doc>
<msg timestamp="20211213 17:38:28.663" level="INFO">Current page contains element 'login-button'.</msg>
<status status="PASS" starttime="20211213 17:38:28.652" endtime="20211213 17:38:28.663"/>
</kw>
<status status="PASS" starttime="20211213 17:38:28.652" endtime="20211213 17:38:28.663"/>
</kw>
<status status="PASS" starttime="20211213 17:38:27.147" endtime="20211213 17:38:28.663"/>
</kw>
<kw name="Input Username" library="resources">
<arg>${PROBLEM USER}</arg>
<kw name="Input Text" library="SeleniumLibrary">
<arg>user-name</arg>
<arg>${username}</arg>
<doc>Types the given ``text`` into the text field identified by ``locator``.</doc>
<msg timestamp="20211213 17:38:28.664" level="INFO">Typing text 'problem_user' into text field 'user-name'.</msg>
<status status="PASS" starttime="20211213 17:38:28.664" endtime="20211213 17:38:28.737"/>
</kw>
<status status="PASS" starttime="20211213 17:38:28.664" endtime="20211213 17:38:28.737"/>
</kw>
<kw name="Input Pass" library="resources">
<arg>${VALID PASSWORD}</arg>
<kw name="Input Password" library="SeleniumLibrary">
<arg>password</arg>
<arg>${password}</arg>
<doc>Types the given password into the text field identified by ``locator``.</doc>
<msg timestamp="20211213 17:38:28.739" level="INFO">Typing password into text field 'password'.</msg>
<msg timestamp="20211213 17:38:28.765" level="INFO">Temporally setting log level to: NONE</msg>
<msg timestamp="20211213 17:38:28.799" level="INFO">Log level changed from NONE to INFO.</msg>
<status status="PASS" starttime="20211213 17:38:28.738" endtime="20211213 17:38:28.799"/>
</kw>
<status status="PASS" starttime="20211213 17:38:28.738" endtime="20211213 17:38:28.799"/>
</kw>
<kw name="Submit Credentials" library="resources">
<kw name="Click Button" library="SeleniumLibrary">
<arg>login-button</arg>
<doc>Clicks the button identified by ``locator``.</doc>
<msg timestamp="20211213 17:38:28.800" level="INFO">Clicking button 'login-button'.</msg>
<status status="PASS" starttime="20211213 17:38:28.800" endtime="20211213 17:38:28.878"/>
</kw>
<status status="PASS" starttime="20211213 17:38:28.800" endtime="20211213 17:38:28.878"/>
</kw>
<kw name="Product Page Should Be Open" library="resources">
<kw name="Element Text Should Be" library="SeleniumLibrary">
<arg>class:title</arg>
<arg>PRODUCTS</arg>
<doc>Verifies that element ``locator`` contains exact the text ``expected``.</doc>
<msg timestamp="20211213 17:38:28.880" level="INFO">Verifying element 'class:title' contains exact text 'PRODUCTS'.</msg>
<status status="PASS" starttime="20211213 17:38:28.879" endtime="20211213 17:38:28.897"/>
</kw>
<status status="PASS" starttime="20211213 17:38:28.879" endtime="20211213 17:38:28.898"/>
</kw>
<kw name="Close Browser" library="SeleniumLibrary" type="TEARDOWN">
<doc>Closes the current browser.</doc>
<status status="PASS" starttime="20211213 17:38:28.898" endtime="20211213 17:38:30.982"/>
</kw>
<status status="PASS" starttime="20211213 17:38:27.147" endtime="20211213 17:38:30.982"/>
</test>
<doc>A test suite with a single test for valid login

This test follows the example using keywords from
the SeleniumLibrary</doc>
<status status="PASS" starttime="20211213 17:38:15.418" endtime="20211213 17:38:30.984"/>
</suite>
<status status="PASS" starttime="20211213 17:38:15.390" endtime="20211213 17:38:30.987"/>
</suite>
<statistics>
<total>
<stat pass="4" fail="0" skip="0">All Tests</stat>
</total>
<tag>
</tag>
<suite>
<stat pass="4" fail="0" skip="0" id="s1" name="Tests">Tests</stat>
<stat pass="4" fail="0" skip="0" id="s1-s1" name="Login">Tests.Login</stat>
</suite>
</statistics>
<errors>
</errors>
</robot>
