<?xml version="1.0" encoding="UTF-8"?>
<robot generator="Robot 4.1.2 (Python 3.8.8 on win32)" generated="20211213 22:35:55.327" rpa="false" schemaversion="2">
<suite id="s1" name="Tests" source="E:\Documents\GitHub\Exercise--SeleniumIDE---RobotFramework-Practice\tests">
<suite id="s1-s1" name="Login" source="E:\Documents\GitHub\Exercise--SeleniumIDE---RobotFramework-Practice\tests\login.robot">
<test id="s1-s1-t1" name="Successful Login">
<kw name="Open Browser to Login Page" library="resources">
<kw name="Open Browser" library="SeleniumLibrary">
<arg>${LOGIN URL}</arg>
<arg>${BROWSER}</arg>
<doc>Opens a new browser instance to the optional ``url``.</doc>
<msg timestamp="20211213 22:35:55.537" level="INFO">Opening browser 'chrome' to base url 'https://www.saucedemo.com/'.</msg>
<status status="PASS" starttime="20211213 22:35:55.537" endtime="20211213 22:35:56.879"/>
</kw>
<kw name="Maximize Browser Window" library="SeleniumLibrary">
<doc>Maximizes current browser window.</doc>
<status status="PASS" starttime="20211213 22:35:56.880" endtime="20211213 22:35:56.991"/>
</kw>
<kw name="Set Selenium Speed" library="SeleniumLibrary">
<arg>${DELAY}</arg>
<doc>Sets the delay that is waited after each Selenium command.</doc>
<status status="PASS" starttime="20211213 22:35:56.991" endtime="20211213 22:35:56.991"/>
</kw>
<kw name="Login Page Should Be Open" library="resources">
<kw name="Page Should Contain Element" library="SeleniumLibrary">
<arg>login-button</arg>
<doc>Verifies that element ``locator`` is found on the current page.</doc>
<msg timestamp="20211213 22:35:57.000" level="INFO">Current page contains element 'login-button'.</msg>
<status status="PASS" starttime="20211213 22:35:56.991" endtime="20211213 22:35:57.000"/>
</kw>
<status status="PASS" starttime="20211213 22:35:56.991" endtime="20211213 22:35:57.000"/>
</kw>
<status status="PASS" starttime="20211213 22:35:55.536" endtime="20211213 22:35:57.000"/>
</kw>
<kw name="Input Username" library="resources">
<arg>${STANDARD USER}</arg>
<kw name="Input Text" library="SeleniumLibrary">
<arg>user-name</arg>
<arg>${username}</arg>
<doc>Types the given ``text`` into the text field identified by ``locator``.</doc>
<msg timestamp="20211213 22:35:57.002" level="INFO">Typing text 'standard_user' into text field 'user-name'.</msg>
<status status="PASS" starttime="20211213 22:35:57.001" endtime="20211213 22:35:57.063"/>
</kw>
<status status="PASS" starttime="20211213 22:35:57.001" endtime="20211213 22:35:57.063"/>
</kw>
<kw name="Input Pass" library="resources">
<arg>${VALID PASSWORD}</arg>
<kw name="Input Password" library="SeleniumLibrary">
<arg>password</arg>
<arg>${password}</arg>
<doc>Types the given password into the text field identified by ``locator``.</doc>
<msg timestamp="20211213 22:35:57.064" level="INFO">Typing password into text field 'password'.</msg>
<msg timestamp="20211213 22:35:57.087" level="INFO">Temporally setting log level to: NONE</msg>
<msg timestamp="20211213 22:35:57.116" level="INFO">Log level changed from NONE to INFO.</msg>
<status status="PASS" starttime="20211213 22:35:57.064" endtime="20211213 22:35:57.116"/>
</kw>
<status status="PASS" starttime="20211213 22:35:57.063" endtime="20211213 22:35:57.116"/>
</kw>
<kw name="Submit Credentials" library="resources">
<kw name="Click Button" library="SeleniumLibrary">
<arg>login-button</arg>
<doc>Clicks the button identified by ``locator``.</doc>
<msg timestamp="20211213 22:35:57.117" level="INFO">Clicking button 'login-button'.</msg>
<status status="PASS" starttime="20211213 22:35:57.117" endtime="20211213 22:35:57.176"/>
</kw>
<status status="PASS" starttime="20211213 22:35:57.117" endtime="20211213 22:35:57.176"/>
</kw>
<kw name="Product Page Should Be Open" library="resources">
<kw name="Element Text Should Be" library="SeleniumLibrary">
<arg>class:title</arg>
<arg>PRODUCTS</arg>
<doc>Verifies that element ``locator`` contains exact the text ``expected``.</doc>
<msg timestamp="20211213 22:35:57.177" level="INFO">Verifying element 'class:title' contains exact text 'PRODUCTS'.</msg>
<status status="PASS" starttime="20211213 22:35:57.177" endtime="20211213 22:35:57.194"/>
</kw>
<status status="PASS" starttime="20211213 22:35:57.177" endtime="20211213 22:35:57.194"/>
</kw>
<kw name="Close Browser" library="SeleniumLibrary" type="TEARDOWN">
<doc>Closes the current browser.</doc>
<status status="PASS" starttime="20211213 22:35:57.194" endtime="20211213 22:35:59.277"/>
</kw>
<status status="PASS" starttime="20211213 22:35:55.536" endtime="20211213 22:35:59.277"/>
</test>
<test id="s1-s1-t2" name="Locked Out Login">
<kw name="Open Browser to Login Page" library="resources">
<kw name="Open Browser" library="SeleniumLibrary">
<arg>${LOGIN URL}</arg>
<arg>${BROWSER}</arg>
<doc>Opens a new browser instance to the optional ``url``.</doc>
<msg timestamp="20211213 22:35:59.279" level="INFO">Opening browser 'chrome' to base url 'https://www.saucedemo.com/'.</msg>
<status status="PASS" starttime="20211213 22:35:59.279" endtime="20211213 22:36:00.794"/>
</kw>
<kw name="Maximize Browser Window" library="SeleniumLibrary">
<doc>Maximizes current browser window.</doc>
<status status="PASS" starttime="20211213 22:36:00.794" endtime="20211213 22:36:00.906"/>
</kw>
<kw name="Set Selenium Speed" library="SeleniumLibrary">
<arg>${DELAY}</arg>
<doc>Sets the delay that is waited after each Selenium command.</doc>
<status status="PASS" starttime="20211213 22:36:00.906" endtime="20211213 22:36:00.906"/>
</kw>
<kw name="Login Page Should Be Open" library="resources">
<kw name="Page Should Contain Element" library="SeleniumLibrary">
<arg>login-button</arg>
<doc>Verifies that element ``locator`` is found on the current page.</doc>
<msg timestamp="20211213 22:36:00.914" level="INFO">Current page contains element 'login-button'.</msg>
<status status="PASS" starttime="20211213 22:36:00.907" endtime="20211213 22:36:00.914"/>
</kw>
<status status="PASS" starttime="20211213 22:36:00.906" endtime="20211213 22:36:00.914"/>
</kw>
<status status="PASS" starttime="20211213 22:35:59.279" endtime="20211213 22:36:00.914"/>
</kw>
<kw name="Input Username" library="resources">
<arg>${LOCKED OUT USER}</arg>
<kw name="Input Text" library="SeleniumLibrary">
<arg>user-name</arg>
<arg>${username}</arg>
<doc>Types the given ``text`` into the text field identified by ``locator``.</doc>
<msg timestamp="20211213 22:36:00.915" level="INFO">Typing text 'locked_out_user' into text field 'user-name'.</msg>
<status status="PASS" starttime="20211213 22:36:00.915" endtime="20211213 22:36:00.977"/>
</kw>
<status status="PASS" starttime="20211213 22:36:00.915" endtime="20211213 22:36:00.977"/>
</kw>
<kw name="Input Pass" library="resources">
<arg>${VALID PASSWORD}</arg>
<kw name="Input Password" library="SeleniumLibrary">
<arg>password</arg>
<arg>${password}</arg>
<doc>Types the given password into the text field identified by ``locator``.</doc>
<msg timestamp="20211213 22:36:00.978" level="INFO">Typing password into text field 'password'.</msg>
<msg timestamp="20211213 22:36:01.001" level="INFO">Temporally setting log level to: NONE</msg>
<msg timestamp="20211213 22:36:01.030" level="INFO">Log level changed from NONE to INFO.</msg>
<status status="PASS" starttime="20211213 22:36:00.978" endtime="20211213 22:36:01.030"/>
</kw>
<status status="PASS" starttime="20211213 22:36:00.978" endtime="20211213 22:36:01.030"/>
</kw>
<kw name="Submit Credentials" library="resources">
<kw name="Click Button" library="SeleniumLibrary">
<arg>login-button</arg>
<doc>Clicks the button identified by ``locator``.</doc>
<msg timestamp="20211213 22:36:01.031" level="INFO">Clicking button 'login-button'.</msg>
<status status="PASS" starttime="20211213 22:36:01.031" endtime="20211213 22:36:01.074"/>
</kw>
<status status="PASS" starttime="20211213 22:36:01.031" endtime="20211213 22:36:01.074"/>
</kw>
<kw name="Error Message Shown" library="resources">
<arg>Epic sadface: Sorry, this user has been locked out.</arg>
<kw name="Element Text Should Be" library="SeleniumLibrary">
<arg>css:*[data-test="error"]</arg>
<arg>${error}</arg>
<doc>Verifies that element ``locator`` contains exact the text ``expected``.</doc>
<msg timestamp="20211213 22:36:01.075" level="INFO">Verifying element 'css:*[data-test="error"]' contains exact text 'Epic sadface: Sorry, this user has been locked out.'.</msg>
<status status="PASS" starttime="20211213 22:36:01.075" endtime="20211213 22:36:01.091"/>
</kw>
<status status="PASS" starttime="20211213 22:36:01.074" endtime="20211213 22:36:01.092"/>
</kw>
<kw name="Close Browser" library="SeleniumLibrary" type="TEARDOWN">
<doc>Closes the current browser.</doc>
<status status="PASS" starttime="20211213 22:36:01.092" endtime="20211213 22:36:03.158"/>
</kw>
<status status="PASS" starttime="20211213 22:35:59.278" endtime="20211213 22:36:03.158"/>
</test>
<test id="s1-s1-t3" name="Invalid Password">
<kw name="Open Browser to Login Page" library="resources">
<kw name="Open Browser" library="SeleniumLibrary">
<arg>${LOGIN URL}</arg>
<arg>${BROWSER}</arg>
<doc>Opens a new browser instance to the optional ``url``.</doc>
<msg timestamp="20211213 22:36:03.160" level="INFO">Opening browser 'chrome' to base url 'https://www.saucedemo.com/'.</msg>
<status status="PASS" starttime="20211213 22:36:03.160" endtime="20211213 22:36:04.478"/>
</kw>
<kw name="Maximize Browser Window" library="SeleniumLibrary">
<doc>Maximizes current browser window.</doc>
<status status="PASS" starttime="20211213 22:36:04.478" endtime="20211213 22:36:04.591"/>
</kw>
<kw name="Set Selenium Speed" library="SeleniumLibrary">
<arg>${DELAY}</arg>
<doc>Sets the delay that is waited after each Selenium command.</doc>
<status status="PASS" starttime="20211213 22:36:04.591" endtime="20211213 22:36:04.591"/>
</kw>
<kw name="Login Page Should Be Open" library="resources">
<kw name="Page Should Contain Element" library="SeleniumLibrary">
<arg>login-button</arg>
<doc>Verifies that element ``locator`` is found on the current page.</doc>
<msg timestamp="20211213 22:36:04.600" level="INFO">Current page contains element 'login-button'.</msg>
<status status="PASS" starttime="20211213 22:36:04.591" endtime="20211213 22:36:04.600"/>
</kw>
<status status="PASS" starttime="20211213 22:36:04.591" endtime="20211213 22:36:04.600"/>
</kw>
<status status="PASS" starttime="20211213 22:36:03.160" endtime="20211213 22:36:04.600"/>
</kw>
<kw name="Input Username" library="resources">
<arg>${STANDARD USER}</arg>
<kw name="Input Text" library="SeleniumLibrary">
<arg>user-name</arg>
<arg>${username}</arg>
<doc>Types the given ``text`` into the text field identified by ``locator``.</doc>
<msg timestamp="20211213 22:36:04.602" level="INFO">Typing text 'standard_user' into text field 'user-name'.</msg>
<status status="PASS" starttime="20211213 22:36:04.601" endtime="20211213 22:36:04.660"/>
</kw>
<status status="PASS" starttime="20211213 22:36:04.601" endtime="20211213 22:36:04.660"/>
</kw>
<kw name="Input Pass" library="resources">
<arg>${INVALID PASSWORD}</arg>
<kw name="Input Password" library="SeleniumLibrary">
<arg>password</arg>
<arg>${password}</arg>
<doc>Types the given password into the text field identified by ``locator``.</doc>
<msg timestamp="20211213 22:36:04.661" level="INFO">Typing password into text field 'password'.</msg>
<msg timestamp="20211213 22:36:04.687" level="INFO">Temporally setting log level to: NONE</msg>
<msg timestamp="20211213 22:36:04.711" level="INFO">Log level changed from NONE to INFO.</msg>
<status status="PASS" starttime="20211213 22:36:04.661" endtime="20211213 22:36:04.711"/>
</kw>
<status status="PASS" starttime="20211213 22:36:04.661" endtime="20211213 22:36:04.712"/>
</kw>
<kw name="Submit Credentials" library="resources">
<kw name="Click Button" library="SeleniumLibrary">
<arg>login-button</arg>
<doc>Clicks the button identified by ``locator``.</doc>
<msg timestamp="20211213 22:36:04.713" level="INFO">Clicking button 'login-button'.</msg>
<status status="PASS" starttime="20211213 22:36:04.712" endtime="20211213 22:36:04.745"/>
</kw>
<status status="PASS" starttime="20211213 22:36:04.712" endtime="20211213 22:36:04.745"/>
</kw>
<kw name="Error Message Shown" library="resources">
<arg>Epic sadface: Username and password do not match any user in this service</arg>
<kw name="Element Text Should Be" library="SeleniumLibrary">
<arg>css:*[data-test="error"]</arg>
<arg>${error}</arg>
<doc>Verifies that element ``locator`` contains exact the text ``expected``.</doc>
<msg timestamp="20211213 22:36:04.746" level="INFO">Verifying element 'css:*[data-test="error"]' contains exact text 'Epic sadface: Username and password do not match any user in this service'.</msg>
<status status="PASS" starttime="20211213 22:36:04.746" endtime="20211213 22:36:04.762"/>
</kw>
<status status="PASS" starttime="20211213 22:36:04.746" endtime="20211213 22:36:04.762"/>
</kw>
<kw name="Close Browser" library="SeleniumLibrary" type="TEARDOWN">
<doc>Closes the current browser.</doc>
<status status="PASS" starttime="20211213 22:36:04.762" endtime="20211213 22:36:06.826"/>
</kw>
<status status="PASS" starttime="20211213 22:36:03.159" endtime="20211213 22:36:06.826"/>
</test>
<test id="s1-s1-t4" name="Problem User Login">
<kw name="Open Browser to Login Page" library="resources">
<kw name="Open Browser" library="SeleniumLibrary">
<arg>${LOGIN URL}</arg>
<arg>${BROWSER}</arg>
<doc>Opens a new browser instance to the optional ``url``.</doc>
<msg timestamp="20211213 22:36:06.828" level="INFO">Opening browser 'chrome' to base url 'https://www.saucedemo.com/'.</msg>
<status status="PASS" starttime="20211213 22:36:06.828" endtime="20211213 22:36:08.173"/>
</kw>
<kw name="Maximize Browser Window" library="SeleniumLibrary">
<doc>Maximizes current browser window.</doc>
<status status="PASS" starttime="20211213 22:36:08.173" endtime="20211213 22:36:08.284"/>
</kw>
<kw name="Set Selenium Speed" library="SeleniumLibrary">
<arg>${DELAY}</arg>
<doc>Sets the delay that is waited after each Selenium command.</doc>
<status status="PASS" starttime="20211213 22:36:08.284" endtime="20211213 22:36:08.284"/>
</kw>
<kw name="Login Page Should Be Open" library="resources">
<kw name="Page Should Contain Element" library="SeleniumLibrary">
<arg>login-button</arg>
<doc>Verifies that element ``locator`` is found on the current page.</doc>
<msg timestamp="20211213 22:36:08.293" level="INFO">Current page contains element 'login-button'.</msg>
<status status="PASS" starttime="20211213 22:36:08.284" endtime="20211213 22:36:08.293"/>
</kw>
<status status="PASS" starttime="20211213 22:36:08.284" endtime="20211213 22:36:08.293"/>
</kw>
<status status="PASS" starttime="20211213 22:36:06.828" endtime="20211213 22:36:08.294"/>
</kw>
<kw name="Input Username" library="resources">
<arg>${PROBLEM USER}</arg>
<kw name="Input Text" library="SeleniumLibrary">
<arg>user-name</arg>
<arg>${username}</arg>
<doc>Types the given ``text`` into the text field identified by ``locator``.</doc>
<msg timestamp="20211213 22:36:08.295" level="INFO">Typing text 'problem_user' into text field 'user-name'.</msg>
<status status="PASS" starttime="20211213 22:36:08.294" endtime="20211213 22:36:08.352"/>
</kw>
<status status="PASS" starttime="20211213 22:36:08.294" endtime="20211213 22:36:08.352"/>
</kw>
<kw name="Input Pass" library="resources">
<arg>${VALID PASSWORD}</arg>
<kw name="Input Password" library="SeleniumLibrary">
<arg>password</arg>
<arg>${password}</arg>
<doc>Types the given password into the text field identified by ``locator``.</doc>
<msg timestamp="20211213 22:36:08.353" level="INFO">Typing password into text field 'password'.</msg>
<msg timestamp="20211213 22:36:08.377" level="INFO">Temporally setting log level to: NONE</msg>
<msg timestamp="20211213 22:36:08.404" level="INFO">Log level changed from NONE to INFO.</msg>
<status status="PASS" starttime="20211213 22:36:08.353" endtime="20211213 22:36:08.404"/>
</kw>
<status status="PASS" starttime="20211213 22:36:08.353" endtime="20211213 22:36:08.405"/>
</kw>
<kw name="Submit Credentials" library="resources">
<kw name="Click Button" library="SeleniumLibrary">
<arg>login-button</arg>
<doc>Clicks the button identified by ``locator``.</doc>
<msg timestamp="20211213 22:36:08.406" level="INFO">Clicking button 'login-button'.</msg>
<status status="PASS" starttime="20211213 22:36:08.405" endtime="20211213 22:36:08.467"/>
</kw>
<status status="PASS" starttime="20211213 22:36:08.405" endtime="20211213 22:36:08.467"/>
</kw>
<kw name="Product Page Should Be Open" library="resources">
<kw name="Element Text Should Be" library="SeleniumLibrary">
<arg>class:title</arg>
<arg>PRODUCTS</arg>
<doc>Verifies that element ``locator`` contains exact the text ``expected``.</doc>
<msg timestamp="20211213 22:36:08.468" level="INFO">Verifying element 'class:title' contains exact text 'PRODUCTS'.</msg>
<status status="PASS" starttime="20211213 22:36:08.468" endtime="20211213 22:36:08.482"/>
</kw>
<status status="PASS" starttime="20211213 22:36:08.468" endtime="20211213 22:36:08.482"/>
</kw>
<kw name="Product Images Should Be Similar" library="resources">
<arg>https://www.saucedemo.com/static/media/sl-404.168b1cce.jpg</arg>
<kw name="Get WebElements" library="SeleniumLibrary">
<var>${images}</var>
<arg>xpath: //img[@class="inventory_item_img"]</arg>
<doc>Returns a list of WebElement objects matching the ``locator``.</doc>
<msg timestamp="20211213 22:36:08.491" level="INFO">${images} = [&lt;selenium.webdriver.remote.webelement.WebElement (session="5db7f7237b9ea02ecfaa41d1e55b1075", element="a1139c38-6575-40c7-a1d3-b2e3dd532a04")&gt;, &lt;selenium.webdriver.remote.webelement.WebElement (sessi...</msg>
<status status="PASS" starttime="20211213 22:36:08.483" endtime="20211213 22:36:08.491"/>
</kw>
<for flavor="IN">
<var>${image}</var>
<value>@{images}</value>
<iter>
<var name="${image}">&lt;selenium.webdriver.remote.webelement.WebElement (session="5db7f7237b9ea02ecfaa41d1e55b1075", element="a1139c38-6575-40c7-a1d3-b2e3dd532a04")&gt;</var>
<kw name="Get Element Attribute" library="SeleniumLibrary">
<var>${image_src}</var>
<arg>${image}</arg>
<arg>src</arg>
<doc>Returns the value of ``attribute`` from the element ``locator``.</doc>
<msg timestamp="20211213 22:36:08.497" level="INFO">${image_src} = https://www.saucedemo.com/static/media/sl-404.168b1cce.jpg</msg>
<status status="PASS" starttime="20211213 22:36:08.492" endtime="20211213 22:36:08.497"/>
</kw>
<kw name="Should Be Equal As Strings" library="BuiltIn">
<arg>${image_src}</arg>
<arg>${src}</arg>
<doc>Fails if objects are unequal after converting them to strings.</doc>
<status status="PASS" starttime="20211213 22:36:08.497" endtime="20211213 22:36:08.497"/>
</kw>
<status status="PASS" starttime="20211213 22:36:08.491" endtime="20211213 22:36:08.497"/>
</iter>
<iter>
<var name="${image}">&lt;selenium.webdriver.remote.webelement.WebElement (session="5db7f7237b9ea02ecfaa41d1e55b1075", element="1abf09bf-cece-42cc-9144-bdd7797bd452")&gt;</var>
<kw name="Get Element Attribute" library="SeleniumLibrary">
<var>${image_src}</var>
<arg>${image}</arg>
<arg>src</arg>
<doc>Returns the value of ``attribute`` from the element ``locator``.</doc>
<msg timestamp="20211213 22:36:08.501" level="INFO">${image_src} = https://www.saucedemo.com/static/media/sl-404.168b1cce.jpg</msg>
<status status="PASS" starttime="20211213 22:36:08.497" endtime="20211213 22:36:08.501"/>
</kw>
<kw name="Should Be Equal As Strings" library="BuiltIn">
<arg>${image_src}</arg>
<arg>${src}</arg>
<doc>Fails if objects are unequal after converting them to strings.</doc>
<status status="PASS" starttime="20211213 22:36:08.501" endtime="20211213 22:36:08.502"/>
</kw>
<status status="PASS" starttime="20211213 22:36:08.497" endtime="20211213 22:36:08.502"/>
</iter>
<iter>
<var name="${image}">&lt;selenium.webdriver.remote.webelement.WebElement (session="5db7f7237b9ea02ecfaa41d1e55b1075", element="a9b035a8-00d1-4747-ad89-e00931f75ad7")&gt;</var>
<kw name="Get Element Attribute" library="SeleniumLibrary">
<var>${image_src}</var>
<arg>${image}</arg>
<arg>src</arg>
<doc>Returns the value of ``attribute`` from the element ``locator``.</doc>
<msg timestamp="20211213 22:36:08.505" level="INFO">${image_src} = https://www.saucedemo.com/static/media/sl-404.168b1cce.jpg</msg>
<status status="PASS" starttime="20211213 22:36:08.502" endtime="20211213 22:36:08.505"/>
</kw>
<kw name="Should Be Equal As Strings" library="BuiltIn">
<arg>${image_src}</arg>
<arg>${src}</arg>
<doc>Fails if objects are unequal after converting them to strings.</doc>
<status status="PASS" starttime="20211213 22:36:08.505" endtime="20211213 22:36:08.505"/>
</kw>
<status status="PASS" starttime="20211213 22:36:08.502" endtime="20211213 22:36:08.505"/>
</iter>
<iter>
<var name="${image}">&lt;selenium.webdriver.remote.webelement.WebElement (session="5db7f7237b9ea02ecfaa41d1e55b1075", element="d09dd743-1c21-4d19-ac5a-558bcc028547")&gt;</var>
<kw name="Get Element Attribute" library="SeleniumLibrary">
<var>${image_src}</var>
<arg>${image}</arg>
<arg>src</arg>
<doc>Returns the value of ``attribute`` from the element ``locator``.</doc>
<msg timestamp="20211213 22:36:08.508" level="INFO">${image_src} = https://www.saucedemo.com/static/media/sl-404.168b1cce.jpg</msg>
<status status="PASS" starttime="20211213 22:36:08.505" endtime="20211213 22:36:08.508"/>
</kw>
<kw name="Should Be Equal As Strings" library="BuiltIn">
<arg>${image_src}</arg>
<arg>${src}</arg>
<doc>Fails if objects are unequal after converting them to strings.</doc>
<status status="PASS" starttime="20211213 22:36:08.508" endtime="20211213 22:36:08.508"/>
</kw>
<status status="PASS" starttime="20211213 22:36:08.505" endtime="20211213 22:36:08.508"/>
</iter>
<iter>
<var name="${image}">&lt;selenium.webdriver.remote.webelement.WebElement (session="5db7f7237b9ea02ecfaa41d1e55b1075", element="fabaf5b6-2c4e-45eb-a2da-7cfaca399081")&gt;</var>
<kw name="Get Element Attribute" library="SeleniumLibrary">
<var>${image_src}</var>
<arg>${image}</arg>
<arg>src</arg>
<doc>Returns the value of ``attribute`` from the element ``locator``.</doc>
<msg timestamp="20211213 22:36:08.512" level="INFO">${image_src} = https://www.saucedemo.com/static/media/sl-404.168b1cce.jpg</msg>
<status status="PASS" starttime="20211213 22:36:08.509" endtime="20211213 22:36:08.512"/>
</kw>
<kw name="Should Be Equal As Strings" library="BuiltIn">
<arg>${image_src}</arg>
<arg>${src}</arg>
<doc>Fails if objects are unequal after converting them to strings.</doc>
<status status="PASS" starttime="20211213 22:36:08.512" endtime="20211213 22:36:08.512"/>
</kw>
<status status="PASS" starttime="20211213 22:36:08.509" endtime="20211213 22:36:08.512"/>
</iter>
<iter>
<var name="${image}">&lt;selenium.webdriver.remote.webelement.WebElement (session="5db7f7237b9ea02ecfaa41d1e55b1075", element="730a301d-fb6e-40d3-9daf-42ec900f2d9d")&gt;</var>
<kw name="Get Element Attribute" library="SeleniumLibrary">
<var>${image_src}</var>
<arg>${image}</arg>
<arg>src</arg>
<doc>Returns the value of ``attribute`` from the element ``locator``.</doc>
<msg timestamp="20211213 22:36:08.515" level="INFO">${image_src} = https://www.saucedemo.com/static/media/sl-404.168b1cce.jpg</msg>
<status status="PASS" starttime="20211213 22:36:08.512" endtime="20211213 22:36:08.515"/>
</kw>
<kw name="Should Be Equal As Strings" library="BuiltIn">
<arg>${image_src}</arg>
<arg>${src}</arg>
<doc>Fails if objects are unequal after converting them to strings.</doc>
<status status="PASS" starttime="20211213 22:36:08.515" endtime="20211213 22:36:08.515"/>
</kw>
<status status="PASS" starttime="20211213 22:36:08.512" endtime="20211213 22:36:08.515"/>
</iter>
<status status="PASS" starttime="20211213 22:36:08.491" endtime="20211213 22:36:08.515"/>
</for>
<status status="PASS" starttime="20211213 22:36:08.483" endtime="20211213 22:36:08.515"/>
</kw>
<kw name="Close Browser" library="SeleniumLibrary" type="TEARDOWN">
<doc>Closes the current browser.</doc>
<status status="PASS" starttime="20211213 22:36:08.516" endtime="20211213 22:36:10.590"/>
</kw>
<status status="PASS" starttime="20211213 22:36:06.827" endtime="20211213 22:36:10.590"/>
</test>
<doc>A test suite that tests the login feature

This test suite tests the login functionality
of different users</doc>
<status status="PASS" starttime="20211213 22:35:55.349" endtime="20211213 22:36:10.591"/>
</suite>
<suite id="s1-s2" name="Sort" source="E:\Documents\GitHub\Exercise--SeleniumIDE---RobotFramework-Practice\tests\sort.robot">
<test id="s1-s2-t1" name="Sort Product Name (A to Z)">
<kw name="Open Browser to Login Page" library="resources">
<kw name="Open Browser" library="SeleniumLibrary">
<arg>${LOGIN URL}</arg>
<arg>${BROWSER}</arg>
<doc>Opens a new browser instance to the optional ``url``.</doc>
<msg timestamp="20211213 22:36:10.600" level="INFO">Opening browser 'chrome' to base url 'https://www.saucedemo.com/'.</msg>
<status status="PASS" starttime="20211213 22:36:10.600" endtime="20211213 22:36:11.918"/>
</kw>
<kw name="Maximize Browser Window" library="SeleniumLibrary">
<doc>Maximizes current browser window.</doc>
<status status="PASS" starttime="20211213 22:36:11.918" endtime="20211213 22:36:12.029"/>
</kw>
<kw name="Set Selenium Speed" library="SeleniumLibrary">
<arg>${DELAY}</arg>
<doc>Sets the delay that is waited after each Selenium command.</doc>
<status status="PASS" starttime="20211213 22:36:12.029" endtime="20211213 22:36:12.029"/>
</kw>
<kw name="Login Page Should Be Open" library="resources">
<kw name="Page Should Contain Element" library="SeleniumLibrary">
<arg>login-button</arg>
<doc>Verifies that element ``locator`` is found on the current page.</doc>
<msg timestamp="20211213 22:36:12.038" level="INFO">Current page contains element 'login-button'.</msg>
<status status="PASS" starttime="20211213 22:36:12.029" endtime="20211213 22:36:12.038"/>
</kw>
<status status="PASS" starttime="20211213 22:36:12.029" endtime="20211213 22:36:12.038"/>
</kw>
<status status="PASS" starttime="20211213 22:36:10.600" endtime="20211213 22:36:12.038"/>
</kw>
<kw name="Input Username" library="resources">
<arg>${STANDARD USER}</arg>
<kw name="Input Text" library="SeleniumLibrary">
<arg>user-name</arg>
<arg>${username}</arg>
<doc>Types the given ``text`` into the text field identified by ``locator``.</doc>
<msg timestamp="20211213 22:36:12.039" level="INFO">Typing text 'standard_user' into text field 'user-name'.</msg>
<status status="PASS" starttime="20211213 22:36:12.039" endtime="20211213 22:36:12.098"/>
</kw>
<status status="PASS" starttime="20211213 22:36:12.039" endtime="20211213 22:36:12.098"/>
</kw>
<kw name="Input Pass" library="resources">
<arg>${VALID PASSWORD}</arg>
<kw name="Input Password" library="SeleniumLibrary">
<arg>password</arg>
<arg>${password}</arg>
<doc>Types the given password into the text field identified by ``locator``.</doc>
<msg timestamp="20211213 22:36:12.099" level="INFO">Typing password into text field 'password'.</msg>
<msg timestamp="20211213 22:36:12.123" level="INFO">Temporally setting log level to: NONE</msg>
<msg timestamp="20211213 22:36:12.150" level="INFO">Log level changed from NONE to INFO.</msg>
<status status="PASS" starttime="20211213 22:36:12.099" endtime="20211213 22:36:12.150"/>
</kw>
<status status="PASS" starttime="20211213 22:36:12.098" endtime="20211213 22:36:12.150"/>
</kw>
<kw name="Submit Credentials" library="resources">
<kw name="Click Button" library="SeleniumLibrary">
<arg>login-button</arg>
<doc>Clicks the button identified by ``locator``.</doc>
<msg timestamp="20211213 22:36:12.151" level="INFO">Clicking button 'login-button'.</msg>
<status status="PASS" starttime="20211213 22:36:12.151" endtime="20211213 22:36:12.214"/>
</kw>
<status status="PASS" starttime="20211213 22:36:12.150" endtime="20211213 22:36:12.214"/>
</kw>
<kw name="Product Page Should Be Open" library="resources">
<kw name="Element Text Should Be" library="SeleniumLibrary">
<arg>class:title</arg>
<arg>PRODUCTS</arg>
<doc>Verifies that element ``locator`` contains exact the text ``expected``.</doc>
<msg timestamp="20211213 22:36:12.215" level="INFO">Verifying element 'class:title' contains exact text 'PRODUCTS'.</msg>
<status status="PASS" starttime="20211213 22:36:12.214" endtime="20211213 22:36:12.231"/>
</kw>
<status status="PASS" starttime="20211213 22:36:12.214" endtime="20211213 22:36:12.231"/>
</kw>
<kw name="Select From List By Value" library="SeleniumLibrary">
<arg>class:product_sort_container</arg>
<arg>az</arg>
<doc>Selects options from selection list ``locator`` by ``values``.</doc>
<msg timestamp="20211213 22:36:12.232" level="INFO">Selecting options from selection list 'class:product_sort_container' by value az.</msg>
<status status="PASS" starttime="20211213 22:36:12.232" endtime="20211213 22:36:12.258"/>
</kw>
<kw name="Product Names Should Be Sorted A to Z" library="resources">
<kw name="Get All Product Names" library="resources">
<var>${original_names}</var>
<kw name="Get WebElements" library="SeleniumLibrary">
<var>${names}</var>
<arg>class:inventory_item_name</arg>
<doc>Returns a list of WebElement objects matching the ``locator``.</doc>
<msg timestamp="20211213 22:36:12.267" level="INFO">${names} = [&lt;selenium.webdriver.remote.webelement.WebElement (session="f009ee71bafdb8f64b9ef76266f43d8f", element="74259c7a-f14f-4094-a8d5-3df85cf3454f")&gt;, &lt;selenium.webdriver.remote.webelement.WebElement (sessi...</msg>
<status status="PASS" starttime="20211213 22:36:12.259" endtime="20211213 22:36:12.267"/>
</kw>
<kw name="Create List" library="BuiltIn">
<var>${names_text}</var>
<doc>Returns a list containing given items.</doc>
<msg timestamp="20211213 22:36:12.267" level="INFO">${names_text} = []</msg>
<status status="PASS" starttime="20211213 22:36:12.267" endtime="20211213 22:36:12.267"/>
</kw>
<for flavor="IN">
<var>${name}</var>
<value>@{names}</value>
<iter>
<var name="${name}">&lt;selenium.webdriver.remote.webelement.WebElement (session="f009ee71bafdb8f64b9ef76266f43d8f", element="74259c7a-f14f-4094-a8d5-3df85cf3454f")&gt;</var>
<kw name="Append To List" library="Collections">
<arg>${names_text}</arg>
<arg>${name.text}</arg>
<doc>Adds ``values`` to the end of ``list``.</doc>
<status status="PASS" starttime="20211213 22:36:12.268" endtime="20211213 22:36:12.276"/>
</kw>
<status status="PASS" starttime="20211213 22:36:12.267" endtime="20211213 22:36:12.276"/>
</iter>
<iter>
<var name="${name}">&lt;selenium.webdriver.remote.webelement.WebElement (session="f009ee71bafdb8f64b9ef76266f43d8f", element="fb556fa1-7133-4f30-924c-306b427992fd")&gt;</var>
<kw name="Append To List" library="Collections">
<arg>${names_text}</arg>
<arg>${name.text}</arg>
<doc>Adds ``values`` to the end of ``list``.</doc>
<status status="PASS" starttime="20211213 22:36:12.276" endtime="20211213 22:36:12.284"/>
</kw>
<status status="PASS" starttime="20211213 22:36:12.276" endtime="20211213 22:36:12.284"/>
</iter>
<iter>
<var name="${name}">&lt;selenium.webdriver.remote.webelement.WebElement (session="f009ee71bafdb8f64b9ef76266f43d8f", element="ac06a408-7334-4068-a5d3-6bd2b619613d")&gt;</var>
<kw name="Append To List" library="Collections">
<arg>${names_text}</arg>
<arg>${name.text}</arg>
<doc>Adds ``values`` to the end of ``list``.</doc>
<status status="PASS" starttime="20211213 22:36:12.285" endtime="20211213 22:36:12.292"/>
</kw>
<status status="PASS" starttime="20211213 22:36:12.284" endtime="20211213 22:36:12.292"/>
</iter>
<iter>
<var name="${name}">&lt;selenium.webdriver.remote.webelement.WebElement (session="f009ee71bafdb8f64b9ef76266f43d8f", element="2fddba11-42d6-47b0-8eec-1985f3932290")&gt;</var>
<kw name="Append To List" library="Collections">
<arg>${names_text}</arg>
<arg>${name.text}</arg>
<doc>Adds ``values`` to the end of ``list``.</doc>
<status status="PASS" starttime="20211213 22:36:12.293" endtime="20211213 22:36:12.300"/>
</kw>
<status status="PASS" starttime="20211213 22:36:12.292" endtime="20211213 22:36:12.300"/>
</iter>
<iter>
<var name="${name}">&lt;selenium.webdriver.remote.webelement.WebElement (session="f009ee71bafdb8f64b9ef76266f43d8f", element="343a21b8-3e01-4127-9d67-790b775ef11f")&gt;</var>
<kw name="Append To List" library="Collections">
<arg>${names_text}</arg>
<arg>${name.text}</arg>
<doc>Adds ``values`` to the end of ``list``.</doc>
<status status="PASS" starttime="20211213 22:36:12.300" endtime="20211213 22:36:12.308"/>
</kw>
<status status="PASS" starttime="20211213 22:36:12.300" endtime="20211213 22:36:12.308"/>
</iter>
<iter>
<var name="${name}">&lt;selenium.webdriver.remote.webelement.WebElement (session="f009ee71bafdb8f64b9ef76266f43d8f", element="97d33d85-f819-4193-a49b-45fad9ac6913")&gt;</var>
<kw name="Append To List" library="Collections">
<arg>${names_text}</arg>
<arg>${name.text}</arg>
<doc>Adds ``values`` to the end of ``list``.</doc>
<status status="PASS" starttime="20211213 22:36:12.308" endtime="20211213 22:36:12.316"/>
</kw>
<status status="PASS" starttime="20211213 22:36:12.308" endtime="20211213 22:36:12.316"/>
</iter>
<status status="PASS" starttime="20211213 22:36:12.267" endtime="20211213 22:36:12.316"/>
</for>
<msg timestamp="20211213 22:36:12.316" level="INFO">${original_names} = ['Sauce Labs Backpack', 'Sauce Labs Bike Light', 'Sauce Labs Bolt T-Shirt', 'Sauce Labs Fleece Jacket', 'Sauce Labs Onesie', 'Test.allTheThings() T-Shirt (Red)']</msg>
<status status="PASS" starttime="20211213 22:36:12.259" endtime="20211213 22:36:12.316"/>
</kw>
<kw name="Copy List" library="Collections">
<var>${sorted_names}</var>
<arg>${original_names}</arg>
<doc>Returns a copy of the given list.</doc>
<msg timestamp="20211213 22:36:12.316" level="INFO">${sorted_names} = ['Sauce Labs Backpack', 'Sauce Labs Bike Light', 'Sauce Labs Bolt T-Shirt', 'Sauce Labs Fleece Jacket', 'Sauce Labs Onesie', 'Test.allTheThings() T-Shirt (Red)']</msg>
<status status="PASS" starttime="20211213 22:36:12.316" endtime="20211213 22:36:12.316"/>
</kw>
<kw name="Sort List" library="Collections">
<arg>${sorted_names}</arg>
<doc>Sorts the given list in place.</doc>
<status status="PASS" starttime="20211213 22:36:12.316" endtime="20211213 22:36:12.317"/>
</kw>
<kw name="Lists Should Be Equal" library="Collections">
<arg>${original_names}</arg>
<arg>${sorted_names}</arg>
<doc>Fails if given lists are unequal.</doc>
<status status="PASS" starttime="20211213 22:36:12.317" endtime="20211213 22:36:12.317"/>
</kw>
<status status="PASS" starttime="20211213 22:36:12.259" endtime="20211213 22:36:12.317"/>
</kw>
<kw name="Close Browser" library="SeleniumLibrary" type="TEARDOWN">
<doc>Closes the current browser.</doc>
<status status="PASS" starttime="20211213 22:36:12.318" endtime="20211213 22:36:14.395"/>
</kw>
<status status="PASS" starttime="20211213 22:36:10.599" endtime="20211213 22:36:14.395"/>
</test>
<test id="s1-s2-t2" name="Sort Product Name (Z to A)">
<kw name="Open Browser to Login Page" library="resources">
<kw name="Open Browser" library="SeleniumLibrary">
<arg>${LOGIN URL}</arg>
<arg>${BROWSER}</arg>
<doc>Opens a new browser instance to the optional ``url``.</doc>
<msg timestamp="20211213 22:36:14.398" level="INFO">Opening browser 'chrome' to base url 'https://www.saucedemo.com/'.</msg>
<status status="PASS" starttime="20211213 22:36:14.397" endtime="20211213 22:36:15.714"/>
</kw>
<kw name="Maximize Browser Window" library="SeleniumLibrary">
<doc>Maximizes current browser window.</doc>
<status status="PASS" starttime="20211213 22:36:15.714" endtime="20211213 22:36:15.829"/>
</kw>
<kw name="Set Selenium Speed" library="SeleniumLibrary">
<arg>${DELAY}</arg>
<doc>Sets the delay that is waited after each Selenium command.</doc>
<status status="PASS" starttime="20211213 22:36:15.829" endtime="20211213 22:36:15.829"/>
</kw>
<kw name="Login Page Should Be Open" library="resources">
<kw name="Page Should Contain Element" library="SeleniumLibrary">
<arg>login-button</arg>
<doc>Verifies that element ``locator`` is found on the current page.</doc>
<msg timestamp="20211213 22:36:15.838" level="INFO">Current page contains element 'login-button'.</msg>
<status status="PASS" starttime="20211213 22:36:15.829" endtime="20211213 22:36:15.838"/>
</kw>
<status status="PASS" starttime="20211213 22:36:15.829" endtime="20211213 22:36:15.838"/>
</kw>
<status status="PASS" starttime="20211213 22:36:14.397" endtime="20211213 22:36:15.838"/>
</kw>
<kw name="Input Username" library="resources">
<arg>${STANDARD USER}</arg>
<kw name="Input Text" library="SeleniumLibrary">
<arg>user-name</arg>
<arg>${username}</arg>
<doc>Types the given ``text`` into the text field identified by ``locator``.</doc>
<msg timestamp="20211213 22:36:15.839" level="INFO">Typing text 'standard_user' into text field 'user-name'.</msg>
<status status="PASS" starttime="20211213 22:36:15.839" endtime="20211213 22:36:15.896"/>
</kw>
<status status="PASS" starttime="20211213 22:36:15.839" endtime="20211213 22:36:15.896"/>
</kw>
<kw name="Input Pass" library="resources">
<arg>${VALID PASSWORD}</arg>
<kw name="Input Password" library="SeleniumLibrary">
<arg>password</arg>
<arg>${password}</arg>
<doc>Types the given password into the text field identified by ``locator``.</doc>
<msg timestamp="20211213 22:36:15.897" level="INFO">Typing password into text field 'password'.</msg>
<msg timestamp="20211213 22:36:15.919" level="INFO">Temporally setting log level to: NONE</msg>
<msg timestamp="20211213 22:36:15.946" level="INFO">Log level changed from NONE to INFO.</msg>
<status status="PASS" starttime="20211213 22:36:15.897" endtime="20211213 22:36:15.946"/>
</kw>
<status status="PASS" starttime="20211213 22:36:15.897" endtime="20211213 22:36:15.947"/>
</kw>
<kw name="Submit Credentials" library="resources">
<kw name="Click Button" library="SeleniumLibrary">
<arg>login-button</arg>
<doc>Clicks the button identified by ``locator``.</doc>
<msg timestamp="20211213 22:36:15.947" level="INFO">Clicking button 'login-button'.</msg>
<status status="PASS" starttime="20211213 22:36:15.947" endtime="20211213 22:36:16.011"/>
</kw>
<status status="PASS" starttime="20211213 22:36:15.947" endtime="20211213 22:36:16.011"/>
</kw>
<kw name="Product Page Should Be Open" library="resources">
<kw name="Element Text Should Be" library="SeleniumLibrary">
<arg>class:title</arg>
<arg>PRODUCTS</arg>
<doc>Verifies that element ``locator`` contains exact the text ``expected``.</doc>
<msg timestamp="20211213 22:36:16.012" level="INFO">Verifying element 'class:title' contains exact text 'PRODUCTS'.</msg>
<status status="PASS" starttime="20211213 22:36:16.012" endtime="20211213 22:36:16.028"/>
</kw>
<status status="PASS" starttime="20211213 22:36:16.011" endtime="20211213 22:36:16.028"/>
</kw>
<kw name="Select From List By Value" library="SeleniumLibrary">
<arg>class:product_sort_container</arg>
<arg>za</arg>
<doc>Selects options from selection list ``locator`` by ``values``.</doc>
<msg timestamp="20211213 22:36:16.029" level="INFO">Selecting options from selection list 'class:product_sort_container' by value za.</msg>
<status status="PASS" starttime="20211213 22:36:16.029" endtime="20211213 22:36:16.073"/>
</kw>
<kw name="Product Names Should Be Sorted Z to A" library="resources">
<kw name="Get All Product Names" library="resources">
<var>${original_names}</var>
<kw name="Get WebElements" library="SeleniumLibrary">
<var>${names}</var>
<arg>class:inventory_item_name</arg>
<doc>Returns a list of WebElement objects matching the ``locator``.</doc>
<msg timestamp="20211213 22:36:16.080" level="INFO">${names} = [&lt;selenium.webdriver.remote.webelement.WebElement (session="332e001d10283e417b4e939322d40df8", element="f7af811f-3b2c-42cd-8177-cdbd7c5fa19e")&gt;, &lt;selenium.webdriver.remote.webelement.WebElement (sessi...</msg>
<status status="PASS" starttime="20211213 22:36:16.074" endtime="20211213 22:36:16.080"/>
</kw>
<kw name="Create List" library="BuiltIn">
<var>${names_text}</var>
<doc>Returns a list containing given items.</doc>
<msg timestamp="20211213 22:36:16.080" level="INFO">${names_text} = []</msg>
<status status="PASS" starttime="20211213 22:36:16.080" endtime="20211213 22:36:16.080"/>
</kw>
<for flavor="IN">
<var>${name}</var>
<value>@{names}</value>
<iter>
<var name="${name}">&lt;selenium.webdriver.remote.webelement.WebElement (session="332e001d10283e417b4e939322d40df8", element="f7af811f-3b2c-42cd-8177-cdbd7c5fa19e")&gt;</var>
<kw name="Append To List" library="Collections">
<arg>${names_text}</arg>
<arg>${name.text}</arg>
<doc>Adds ``values`` to the end of ``list``.</doc>
<status status="PASS" starttime="20211213 22:36:16.080" endtime="20211213 22:36:16.088"/>
</kw>
<status status="PASS" starttime="20211213 22:36:16.080" endtime="20211213 22:36:16.088"/>
</iter>
<iter>
<var name="${name}">&lt;selenium.webdriver.remote.webelement.WebElement (session="332e001d10283e417b4e939322d40df8", element="1502a2a8-e4af-4af1-9619-cf340f38d2e2")&gt;</var>
<kw name="Append To List" library="Collections">
<arg>${names_text}</arg>
<arg>${name.text}</arg>
<doc>Adds ``values`` to the end of ``list``.</doc>
<status status="PASS" starttime="20211213 22:36:16.088" endtime="20211213 22:36:16.096"/>
</kw>
<status status="PASS" starttime="20211213 22:36:16.088" endtime="20211213 22:36:16.096"/>
</iter>
<iter>
<var name="${name}">&lt;selenium.webdriver.remote.webelement.WebElement (session="332e001d10283e417b4e939322d40df8", element="26ef1f26-0f43-4afd-a49b-22efd5be9d3f")&gt;</var>
<kw name="Append To List" library="Collections">
<arg>${names_text}</arg>
<arg>${name.text}</arg>
<doc>Adds ``values`` to the end of ``list``.</doc>
<status status="PASS" starttime="20211213 22:36:16.096" endtime="20211213 22:36:16.103"/>
</kw>
<status status="PASS" starttime="20211213 22:36:16.096" endtime="20211213 22:36:16.103"/>
</iter>
<iter>
<var name="${name}">&lt;selenium.webdriver.remote.webelement.WebElement (session="332e001d10283e417b4e939322d40df8", element="094ddfdd-41f7-4b83-9f87-297c3f4158c3")&gt;</var>
<kw name="Append To List" library="Collections">
<arg>${names_text}</arg>
<arg>${name.text}</arg>
<doc>Adds ``values`` to the end of ``list``.</doc>
<status status="PASS" starttime="20211213 22:36:16.103" endtime="20211213 22:36:16.111"/>
</kw>
<status status="PASS" starttime="20211213 22:36:16.103" endtime="20211213 22:36:16.111"/>
</iter>
<iter>
<var name="${name}">&lt;selenium.webdriver.remote.webelement.WebElement (session="332e001d10283e417b4e939322d40df8", element="f9be4b71-9849-4d49-bc2a-67af50cc57aa")&gt;</var>
<kw name="Append To List" library="Collections">
<arg>${names_text}</arg>
<arg>${name.text}</arg>
<doc>Adds ``values`` to the end of ``list``.</doc>
<status status="PASS" starttime="20211213 22:36:16.111" endtime="20211213 22:36:16.120"/>
</kw>
<status status="PASS" starttime="20211213 22:36:16.111" endtime="20211213 22:36:16.120"/>
</iter>
<iter>
<var name="${name}">&lt;selenium.webdriver.remote.webelement.WebElement (session="332e001d10283e417b4e939322d40df8", element="6d5f5656-017c-4931-90b8-2fa43f67526f")&gt;</var>
<kw name="Append To List" library="Collections">
<arg>${names_text}</arg>
<arg>${name.text}</arg>
<doc>Adds ``values`` to the end of ``list``.</doc>
<status status="PASS" starttime="20211213 22:36:16.120" endtime="20211213 22:36:16.143"/>
</kw>
<status status="PASS" starttime="20211213 22:36:16.120" endtime="20211213 22:36:16.143"/>
</iter>
<status status="PASS" starttime="20211213 22:36:16.080" endtime="20211213 22:36:16.143"/>
</for>
<msg timestamp="20211213 22:36:16.143" level="INFO">${original_names} = ['Test.allTheThings() T-Shirt (Red)', 'Sauce Labs Onesie', 'Sauce Labs Fleece Jacket', 'Sauce Labs Bolt T-Shirt', 'Sauce Labs Bike Light', 'Sauce Labs Backpack']</msg>
<status status="PASS" starttime="20211213 22:36:16.074" endtime="20211213 22:36:16.143"/>
</kw>
<kw name="Copy List" library="Collections">
<var>${sorted_names}</var>
<arg>${original_names}</arg>
<doc>Returns a copy of the given list.</doc>
<msg timestamp="20211213 22:36:16.144" level="INFO">${sorted_names} = ['Test.allTheThings() T-Shirt (Red)', 'Sauce Labs Onesie', 'Sauce Labs Fleece Jacket', 'Sauce Labs Bolt T-Shirt', 'Sauce Labs Bike Light', 'Sauce Labs Backpack']</msg>
<status status="PASS" starttime="20211213 22:36:16.143" endtime="20211213 22:36:16.144"/>
</kw>
<kw name="Sort List" library="Collections">
<arg>${sorted_names}</arg>
<doc>Sorts the given list in place.</doc>
<status status="PASS" starttime="20211213 22:36:16.144" endtime="20211213 22:36:16.144"/>
</kw>
<kw name="Reverse List" library="Collections">
<arg>${sorted_names}</arg>
<doc>Reverses the given list in place.</doc>
<status status="PASS" starttime="20211213 22:36:16.144" endtime="20211213 22:36:16.144"/>
</kw>
<kw name="Lists Should Be Equal" library="Collections">
<arg>${original_names}</arg>
<arg>${sorted_names}</arg>
<doc>Fails if given lists are unequal.</doc>
<status status="PASS" starttime="20211213 22:36:16.144" endtime="20211213 22:36:16.144"/>
</kw>
<status status="PASS" starttime="20211213 22:36:16.073" endtime="20211213 22:36:16.144"/>
</kw>
<kw name="Close Browser" library="SeleniumLibrary" type="TEARDOWN">
<doc>Closes the current browser.</doc>
<status status="PASS" starttime="20211213 22:36:16.145" endtime="20211213 22:36:18.222"/>
</kw>
<status status="PASS" starttime="20211213 22:36:14.396" endtime="20211213 22:36:18.222"/>
</test>
<test id="s1-s2-t3" name="Sort Product Price (Low to High)">
<kw name="Open Browser to Login Page" library="resources">
<kw name="Open Browser" library="SeleniumLibrary">
<arg>${LOGIN URL}</arg>
<arg>${BROWSER}</arg>
<doc>Opens a new browser instance to the optional ``url``.</doc>
<msg timestamp="20211213 22:36:18.224" level="INFO">Opening browser 'chrome' to base url 'https://www.saucedemo.com/'.</msg>
<status status="PASS" starttime="20211213 22:36:18.224" endtime="20211213 22:36:19.559"/>
</kw>
<kw name="Maximize Browser Window" library="SeleniumLibrary">
<doc>Maximizes current browser window.</doc>
<status status="PASS" starttime="20211213 22:36:19.559" endtime="20211213 22:36:19.672"/>
</kw>
<kw name="Set Selenium Speed" library="SeleniumLibrary">
<arg>${DELAY}</arg>
<doc>Sets the delay that is waited after each Selenium command.</doc>
<status status="PASS" starttime="20211213 22:36:19.672" endtime="20211213 22:36:19.672"/>
</kw>
<kw name="Login Page Should Be Open" library="resources">
<kw name="Page Should Contain Element" library="SeleniumLibrary">
<arg>login-button</arg>
<doc>Verifies that element ``locator`` is found on the current page.</doc>
<msg timestamp="20211213 22:36:19.687" level="INFO">Current page contains element 'login-button'.</msg>
<status status="PASS" starttime="20211213 22:36:19.673" endtime="20211213 22:36:19.687"/>
</kw>
<status status="PASS" starttime="20211213 22:36:19.672" endtime="20211213 22:36:19.687"/>
</kw>
<status status="PASS" starttime="20211213 22:36:18.224" endtime="20211213 22:36:19.687"/>
</kw>
<kw name="Input Username" library="resources">
<arg>${STANDARD USER}</arg>
<kw name="Input Text" library="SeleniumLibrary">
<arg>user-name</arg>
<arg>${username}</arg>
<doc>Types the given ``text`` into the text field identified by ``locator``.</doc>
<msg timestamp="20211213 22:36:19.689" level="INFO">Typing text 'standard_user' into text field 'user-name'.</msg>
<status status="PASS" starttime="20211213 22:36:19.689" endtime="20211213 22:36:19.773"/>
</kw>
<status status="PASS" starttime="20211213 22:36:19.688" endtime="20211213 22:36:19.773"/>
</kw>
<kw name="Input Pass" library="resources">
<arg>${VALID PASSWORD}</arg>
<kw name="Input Password" library="SeleniumLibrary">
<arg>password</arg>
<arg>${password}</arg>
<doc>Types the given password into the text field identified by ``locator``.</doc>
<msg timestamp="20211213 22:36:19.774" level="INFO">Typing password into text field 'password'.</msg>
<msg timestamp="20211213 22:36:19.802" level="INFO">Temporally setting log level to: NONE</msg>
<msg timestamp="20211213 22:36:19.831" level="INFO">Log level changed from NONE to INFO.</msg>
<status status="PASS" starttime="20211213 22:36:19.774" endtime="20211213 22:36:19.831"/>
</kw>
<status status="PASS" starttime="20211213 22:36:19.774" endtime="20211213 22:36:19.831"/>
</kw>
<kw name="Submit Credentials" library="resources">
<kw name="Click Button" library="SeleniumLibrary">
<arg>login-button</arg>
<doc>Clicks the button identified by ``locator``.</doc>
<msg timestamp="20211213 22:36:19.832" level="INFO">Clicking button 'login-button'.</msg>
<status status="PASS" starttime="20211213 22:36:19.832" endtime="20211213 22:36:19.897"/>
</kw>
<status status="PASS" starttime="20211213 22:36:19.832" endtime="20211213 22:36:19.897"/>
</kw>
<kw name="Product Page Should Be Open" library="resources">
<kw name="Element Text Should Be" library="SeleniumLibrary">
<arg>class:title</arg>
<arg>PRODUCTS</arg>
<doc>Verifies that element ``locator`` contains exact the text ``expected``.</doc>
<msg timestamp="20211213 22:36:19.899" level="INFO">Verifying element 'class:title' contains exact text 'PRODUCTS'.</msg>
<status status="PASS" starttime="20211213 22:36:19.898" endtime="20211213 22:36:19.925"/>
</kw>
<status status="PASS" starttime="20211213 22:36:19.898" endtime="20211213 22:36:19.925"/>
</kw>
<kw name="Select From List By Value" library="SeleniumLibrary">
<arg>class:product_sort_container</arg>
<arg>lohi</arg>
<doc>Selects options from selection list ``locator`` by ``values``.</doc>
<msg timestamp="20211213 22:36:19.926" level="INFO">Selecting options from selection list 'class:product_sort_container' by value lohi.</msg>
<status status="PASS" starttime="20211213 22:36:19.925" endtime="20211213 22:36:19.973"/>
</kw>
<kw name="Product Prices Should Be Sorted Low to High" library="resources">
<kw name="Get All Product Prices" library="resources">
<var>${original_prices}</var>
<kw name="Get WebElements" library="SeleniumLibrary">
<var>${prices}</var>
<arg>class:inventory_item_price</arg>
<doc>Returns a list of WebElement objects matching the ``locator``.</doc>
<msg timestamp="20211213 22:36:19.984" level="INFO">${prices} = [&lt;selenium.webdriver.remote.webelement.WebElement (session="795df829eae4dffbfc8eb9c990dd3196", element="2532d951-59f8-448f-a2fb-64a4fd782044")&gt;, &lt;selenium.webdriver.remote.webelement.WebElement (sessi...</msg>
<status status="PASS" starttime="20211213 22:36:19.975" endtime="20211213 22:36:19.984"/>
</kw>
<kw name="Create List" library="BuiltIn">
<var>${prices_float}</var>
<doc>Returns a list containing given items.</doc>
<msg timestamp="20211213 22:36:19.984" level="INFO">${prices_float} = []</msg>
<status status="PASS" starttime="20211213 22:36:19.984" endtime="20211213 22:36:19.984"/>
</kw>
<for flavor="IN">
<var>${price}</var>
<value>@{prices}</value>
<iter>
<var name="${price}">&lt;selenium.webdriver.remote.webelement.WebElement (session="795df829eae4dffbfc8eb9c990dd3196", element="2532d951-59f8-448f-a2fb-64a4fd782044")&gt;</var>
<kw name="Remove String" library="String">
<var>${price_string}</var>
<arg>${price.text}</arg>
<arg>$</arg>
<doc>Removes all ``removables`` from the given ``string``.</doc>
<msg timestamp="20211213 22:36:19.995" level="INFO">${price_string} = 7.99</msg>
<status status="PASS" starttime="20211213 22:36:19.985" endtime="20211213 22:36:19.995"/>
</kw>
<kw name="Convert To Number" library="BuiltIn">
<var>${price_float}</var>
<arg>${price_string}</arg>
<doc>Converts the given item to a floating point number.</doc>
<msg timestamp="20211213 22:36:19.995" level="INFO">${price_float} = 7.99</msg>
<status status="PASS" starttime="20211213 22:36:19.995" endtime="20211213 22:36:19.995"/>
</kw>
<kw name="Append To List" library="Collections">
<arg>${prices_float}</arg>
<arg>${price_float}</arg>
<doc>Adds ``values`` to the end of ``list``.</doc>
<status status="PASS" starttime="20211213 22:36:19.996" endtime="20211213 22:36:19.996"/>
</kw>
<status status="PASS" starttime="20211213 22:36:19.985" endtime="20211213 22:36:19.996"/>
</iter>
<iter>
<var name="${price}">&lt;selenium.webdriver.remote.webelement.WebElement (session="795df829eae4dffbfc8eb9c990dd3196", element="a452e070-3a55-4b9e-93ed-dee2e53be4f6")&gt;</var>
<kw name="Remove String" library="String">
<var>${price_string}</var>
<arg>${price.text}</arg>
<arg>$</arg>
<doc>Removes all ``removables`` from the given ``string``.</doc>
<msg timestamp="20211213 22:36:20.004" level="INFO">${price_string} = 9.99</msg>
<status status="PASS" starttime="20211213 22:36:19.996" endtime="20211213 22:36:20.004"/>
</kw>
<kw name="Convert To Number" library="BuiltIn">
<var>${price_float}</var>
<arg>${price_string}</arg>
<doc>Converts the given item to a floating point number.</doc>
<msg timestamp="20211213 22:36:20.005" level="INFO">${price_float} = 9.99</msg>
<status status="PASS" starttime="20211213 22:36:20.005" endtime="20211213 22:36:20.005"/>
</kw>
<kw name="Append To List" library="Collections">
<arg>${prices_float}</arg>
<arg>${price_float}</arg>
<doc>Adds ``values`` to the end of ``list``.</doc>
<status status="PASS" starttime="20211213 22:36:20.005" endtime="20211213 22:36:20.005"/>
</kw>
<status status="PASS" starttime="20211213 22:36:19.996" endtime="20211213 22:36:20.005"/>
</iter>
<iter>
<var name="${price}">&lt;selenium.webdriver.remote.webelement.WebElement (session="795df829eae4dffbfc8eb9c990dd3196", element="ad3375ed-4d0e-41b4-b01c-ef4feb8b10b9")&gt;</var>
<kw name="Remove String" library="String">
<var>${price_string}</var>
<arg>${price.text}</arg>
<arg>$</arg>
<doc>Removes all ``removables`` from the given ``string``.</doc>
<msg timestamp="20211213 22:36:20.019" level="INFO">${price_string} = 15.99</msg>
<status status="PASS" starttime="20211213 22:36:20.005" endtime="20211213 22:36:20.019"/>
</kw>
<kw name="Convert To Number" library="BuiltIn">
<var>${price_float}</var>
<arg>${price_string}</arg>
<doc>Converts the given item to a floating point number.</doc>
<msg timestamp="20211213 22:36:20.019" level="INFO">${price_float} = 15.99</msg>
<status status="PASS" starttime="20211213 22:36:20.019" endtime="20211213 22:36:20.019"/>
</kw>
<kw name="Append To List" library="Collections">
<arg>${prices_float}</arg>
<arg>${price_float}</arg>
<doc>Adds ``values`` to the end of ``list``.</doc>
<status status="PASS" starttime="20211213 22:36:20.019" endtime="20211213 22:36:20.019"/>
</kw>
<status status="PASS" starttime="20211213 22:36:20.005" endtime="20211213 22:36:20.019"/>
</iter>
<iter>
<var name="${price}">&lt;selenium.webdriver.remote.webelement.WebElement (session="795df829eae4dffbfc8eb9c990dd3196", element="d20804e2-9542-4236-929f-974cba9eaa9e")&gt;</var>
<kw name="Remove String" library="String">
<var>${price_string}</var>
<arg>${price.text}</arg>
<arg>$</arg>
<doc>Removes all ``removables`` from the given ``string``.</doc>
<msg timestamp="20211213 22:36:20.028" level="INFO">${price_string} = 15.99</msg>
<status status="PASS" starttime="20211213 22:36:20.019" endtime="20211213 22:36:20.028"/>
</kw>
<kw name="Convert To Number" library="BuiltIn">
<var>${price_float}</var>
<arg>${price_string}</arg>
<doc>Converts the given item to a floating point number.</doc>
<msg timestamp="20211213 22:36:20.029" level="INFO">${price_float} = 15.99</msg>
<status status="PASS" starttime="20211213 22:36:20.028" endtime="20211213 22:36:20.029"/>
</kw>
<kw name="Append To List" library="Collections">
<arg>${prices_float}</arg>
<arg>${price_float}</arg>
<doc>Adds ``values`` to the end of ``list``.</doc>
<status status="PASS" starttime="20211213 22:36:20.029" endtime="20211213 22:36:20.029"/>
</kw>
<status status="PASS" starttime="20211213 22:36:20.019" endtime="20211213 22:36:20.029"/>
</iter>
<iter>
<var name="${price}">&lt;selenium.webdriver.remote.webelement.WebElement (session="795df829eae4dffbfc8eb9c990dd3196", element="9a2b84df-e4b1-44f5-810b-5cbf9f05ac95")&gt;</var>
<kw name="Remove String" library="String">
<var>${price_string}</var>
<arg>${price.text}</arg>
<arg>$</arg>
<doc>Removes all ``removables`` from the given ``string``.</doc>
<msg timestamp="20211213 22:36:20.040" level="INFO">${price_string} = 29.99</msg>
<status status="PASS" starttime="20211213 22:36:20.029" endtime="20211213 22:36:20.040"/>
</kw>
<kw name="Convert To Number" library="BuiltIn">
<var>${price_float}</var>
<arg>${price_string}</arg>
<doc>Converts the given item to a floating point number.</doc>
<msg timestamp="20211213 22:36:20.040" level="INFO">${price_float} = 29.99</msg>
<status status="PASS" starttime="20211213 22:36:20.040" endtime="20211213 22:36:20.040"/>
</kw>
<kw name="Append To List" library="Collections">
<arg>${prices_float}</arg>
<arg>${price_float}</arg>
<doc>Adds ``values`` to the end of ``list``.</doc>
<status status="PASS" starttime="20211213 22:36:20.040" endtime="20211213 22:36:20.040"/>
</kw>
<status status="PASS" starttime="20211213 22:36:20.029" endtime="20211213 22:36:20.040"/>
</iter>
<iter>
<var name="${price}">&lt;selenium.webdriver.remote.webelement.WebElement (session="795df829eae4dffbfc8eb9c990dd3196", element="c9f39d92-a051-49bd-a7a5-a40a7b33eef6")&gt;</var>
<kw name="Remove String" library="String">
<var>${price_string}</var>
<arg>${price.text}</arg>
<arg>$</arg>
<doc>Removes all ``removables`` from the given ``string``.</doc>
<msg timestamp="20211213 22:36:20.049" level="INFO">${price_string} = 49.99</msg>
<status status="PASS" starttime="20211213 22:36:20.040" endtime="20211213 22:36:20.049"/>
</kw>
<kw name="Convert To Number" library="BuiltIn">
<var>${price_float}</var>
<arg>${price_string}</arg>
<doc>Converts the given item to a floating point number.</doc>
<msg timestamp="20211213 22:36:20.050" level="INFO">${price_float} = 49.99</msg>
<status status="PASS" starttime="20211213 22:36:20.050" endtime="20211213 22:36:20.050"/>
</kw>
<kw name="Append To List" library="Collections">
<arg>${prices_float}</arg>
<arg>${price_float}</arg>
<doc>Adds ``values`` to the end of ``list``.</doc>
<status status="PASS" starttime="20211213 22:36:20.050" endtime="20211213 22:36:20.051"/>
</kw>
<status status="PASS" starttime="20211213 22:36:20.040" endtime="20211213 22:36:20.051"/>
</iter>
<status status="PASS" starttime="20211213 22:36:19.984" endtime="20211213 22:36:20.051"/>
</for>
<msg timestamp="20211213 22:36:20.051" level="INFO">${original_prices} = [7.99, 9.99, 15.99, 15.99, 29.99, 49.99]</msg>
<status status="PASS" starttime="20211213 22:36:19.975" endtime="20211213 22:36:20.051"/>
</kw>
<kw name="Copy List" library="Collections">
<var>${sorted_prices}</var>
<arg>${original_prices}</arg>
<doc>Returns a copy of the given list.</doc>
<msg timestamp="20211213 22:36:20.051" level="INFO">${sorted_prices} = [7.99, 9.99, 15.99, 15.99, 29.99, 49.99]</msg>
<status status="PASS" starttime="20211213 22:36:20.051" endtime="20211213 22:36:20.052"/>
</kw>
<kw name="Sort List" library="Collections">
<arg>${sorted_prices}</arg>
<doc>Sorts the given list in place.</doc>
<status status="PASS" starttime="20211213 22:36:20.052" endtime="20211213 22:36:20.052"/>
</kw>
<kw name="Lists Should Be Equal" library="Collections">
<arg>${original_prices}</arg>
<arg>${sorted_prices}</arg>
<doc>Fails if given lists are unequal.</doc>
<status status="PASS" starttime="20211213 22:36:20.052" endtime="20211213 22:36:20.052"/>
</kw>
<status status="PASS" starttime="20211213 22:36:19.974" endtime="20211213 22:36:20.052"/>
</kw>
<kw name="Close Browser" library="SeleniumLibrary" type="TEARDOWN">
<doc>Closes the current browser.</doc>
<status status="PASS" starttime="20211213 22:36:20.053" endtime="20211213 22:36:22.133"/>
</kw>
<status status="PASS" starttime="20211213 22:36:18.223" endtime="20211213 22:36:22.133"/>
</test>
<test id="s1-s2-t4" name="Sort Product Price (High to Low)">
<kw name="Open Browser to Login Page" library="resources">
<kw name="Open Browser" library="SeleniumLibrary">
<arg>${LOGIN URL}</arg>
<arg>${BROWSER}</arg>
<doc>Opens a new browser instance to the optional ``url``.</doc>
<msg timestamp="20211213 22:36:22.135" level="INFO">Opening browser 'chrome' to base url 'https://www.saucedemo.com/'.</msg>
<status status="PASS" starttime="20211213 22:36:22.135" endtime="20211213 22:36:23.455"/>
</kw>
<kw name="Maximize Browser Window" library="SeleniumLibrary">
<doc>Maximizes current browser window.</doc>
<status status="PASS" starttime="20211213 22:36:23.455" endtime="20211213 22:36:23.567"/>
</kw>
<kw name="Set Selenium Speed" library="SeleniumLibrary">
<arg>${DELAY}</arg>
<doc>Sets the delay that is waited after each Selenium command.</doc>
<status status="PASS" starttime="20211213 22:36:23.567" endtime="20211213 22:36:23.567"/>
</kw>
<kw name="Login Page Should Be Open" library="resources">
<kw name="Page Should Contain Element" library="SeleniumLibrary">
<arg>login-button</arg>
<doc>Verifies that element ``locator`` is found on the current page.</doc>
<msg timestamp="20211213 22:36:23.576" level="INFO">Current page contains element 'login-button'.</msg>
<status status="PASS" starttime="20211213 22:36:23.568" endtime="20211213 22:36:23.576"/>
</kw>
<status status="PASS" starttime="20211213 22:36:23.567" endtime="20211213 22:36:23.576"/>
</kw>
<status status="PASS" starttime="20211213 22:36:22.134" endtime="20211213 22:36:23.576"/>
</kw>
<kw name="Input Username" library="resources">
<arg>${STANDARD USER}</arg>
<kw name="Input Text" library="SeleniumLibrary">
<arg>user-name</arg>
<arg>${username}</arg>
<doc>Types the given ``text`` into the text field identified by ``locator``.</doc>
<msg timestamp="20211213 22:36:23.577" level="INFO">Typing text 'standard_user' into text field 'user-name'.</msg>
<status status="PASS" starttime="20211213 22:36:23.577" endtime="20211213 22:36:23.636"/>
</kw>
<status status="PASS" starttime="20211213 22:36:23.577" endtime="20211213 22:36:23.636"/>
</kw>
<kw name="Input Pass" library="resources">
<arg>${VALID PASSWORD}</arg>
<kw name="Input Password" library="SeleniumLibrary">
<arg>password</arg>
<arg>${password}</arg>
<doc>Types the given password into the text field identified by ``locator``.</doc>
<msg timestamp="20211213 22:36:23.637" level="INFO">Typing password into text field 'password'.</msg>
<msg timestamp="20211213 22:36:23.662" level="INFO">Temporally setting log level to: NONE</msg>
<msg timestamp="20211213 22:36:23.689" level="INFO">Log level changed from NONE to INFO.</msg>
<status status="PASS" starttime="20211213 22:36:23.637" endtime="20211213 22:36:23.689"/>
</kw>
<status status="PASS" starttime="20211213 22:36:23.637" endtime="20211213 22:36:23.689"/>
</kw>
<kw name="Submit Credentials" library="resources">
<kw name="Click Button" library="SeleniumLibrary">
<arg>login-button</arg>
<doc>Clicks the button identified by ``locator``.</doc>
<msg timestamp="20211213 22:36:23.690" level="INFO">Clicking button 'login-button'.</msg>
<status status="PASS" starttime="20211213 22:36:23.690" endtime="20211213 22:36:23.756"/>
</kw>
<status status="PASS" starttime="20211213 22:36:23.690" endtime="20211213 22:36:23.756"/>
</kw>
<kw name="Product Page Should Be Open" library="resources">
<kw name="Element Text Should Be" library="SeleniumLibrary">
<arg>class:title</arg>
<arg>PRODUCTS</arg>
<doc>Verifies that element ``locator`` contains exact the text ``expected``.</doc>
<msg timestamp="20211213 22:36:23.757" level="INFO">Verifying element 'class:title' contains exact text 'PRODUCTS'.</msg>
<status status="PASS" starttime="20211213 22:36:23.757" endtime="20211213 22:36:23.775"/>
</kw>
<status status="PASS" starttime="20211213 22:36:23.756" endtime="20211213 22:36:23.775"/>
</kw>
<kw name="Select From List By Value" library="SeleniumLibrary">
<arg>class:product_sort_container</arg>
<arg>hilo</arg>
<doc>Selects options from selection list ``locator`` by ``values``.</doc>
<msg timestamp="20211213 22:36:23.776" level="INFO">Selecting options from selection list 'class:product_sort_container' by value hilo.</msg>
<status status="PASS" starttime="20211213 22:36:23.775" endtime="20211213 22:36:23.822"/>
</kw>
<kw name="Product Prices Should Be Sorted High to Low" library="resources">
<kw name="Get All Product Prices" library="resources">
<var>${original_prices}</var>
<kw name="Get WebElements" library="SeleniumLibrary">
<var>${prices}</var>
<arg>class:inventory_item_price</arg>
<doc>Returns a list of WebElement objects matching the ``locator``.</doc>
<msg timestamp="20211213 22:36:23.830" level="INFO">${prices} = [&lt;selenium.webdriver.remote.webelement.WebElement (session="b9829f4313e1878577e3eba31b95e584", element="95ea40c8-8253-45f5-9d2a-7eabd95136ec")&gt;, &lt;selenium.webdriver.remote.webelement.WebElement (sessi...</msg>
<status status="PASS" starttime="20211213 22:36:23.824" endtime="20211213 22:36:23.830"/>
</kw>
<kw name="Create List" library="BuiltIn">
<var>${prices_float}</var>
<doc>Returns a list containing given items.</doc>
<msg timestamp="20211213 22:36:23.831" level="INFO">${prices_float} = []</msg>
<status status="PASS" starttime="20211213 22:36:23.830" endtime="20211213 22:36:23.831"/>
</kw>
<for flavor="IN">
<var>${price}</var>
<value>@{prices}</value>
<iter>
<var name="${price}">&lt;selenium.webdriver.remote.webelement.WebElement (session="b9829f4313e1878577e3eba31b95e584", element="95ea40c8-8253-45f5-9d2a-7eabd95136ec")&gt;</var>
<kw name="Remove String" library="String">
<var>${price_string}</var>
<arg>${price.text}</arg>
<arg>$</arg>
<doc>Removes all ``removables`` from the given ``string``.</doc>
<msg timestamp="20211213 22:36:23.840" level="INFO">${price_string} = 49.99</msg>
<status status="PASS" starttime="20211213 22:36:23.831" endtime="20211213 22:36:23.840"/>
</kw>
<kw name="Convert To Number" library="BuiltIn">
<var>${price_float}</var>
<arg>${price_string}</arg>
<doc>Converts the given item to a floating point number.</doc>
<msg timestamp="20211213 22:36:23.840" level="INFO">${price_float} = 49.99</msg>
<status status="PASS" starttime="20211213 22:36:23.840" endtime="20211213 22:36:23.840"/>
</kw>
<kw name="Append To List" library="Collections">
<arg>${prices_float}</arg>
<arg>${price_float}</arg>
<doc>Adds ``values`` to the end of ``list``.</doc>
<status status="PASS" starttime="20211213 22:36:23.840" endtime="20211213 22:36:23.841"/>
</kw>
<status status="PASS" starttime="20211213 22:36:23.831" endtime="20211213 22:36:23.841"/>
</iter>
<iter>
<var name="${price}">&lt;selenium.webdriver.remote.webelement.WebElement (session="b9829f4313e1878577e3eba31b95e584", element="00fe73a6-6c5f-4b63-9bd3-a4f4c9061913")&gt;</var>
<kw name="Remove String" library="String">
<var>${price_string}</var>
<arg>${price.text}</arg>
<arg>$</arg>
<doc>Removes all ``removables`` from the given ``string``.</doc>
<msg timestamp="20211213 22:36:23.849" level="INFO">${price_string} = 29.99</msg>
<status status="PASS" starttime="20211213 22:36:23.841" endtime="20211213 22:36:23.849"/>
</kw>
<kw name="Convert To Number" library="BuiltIn">
<var>${price_float}</var>
<arg>${price_string}</arg>
<doc>Converts the given item to a floating point number.</doc>
<msg timestamp="20211213 22:36:23.850" level="INFO">${price_float} = 29.99</msg>
<status status="PASS" starttime="20211213 22:36:23.849" endtime="20211213 22:36:23.850"/>
</kw>
<kw name="Append To List" library="Collections">
<arg>${prices_float}</arg>
<arg>${price_float}</arg>
<doc>Adds ``values`` to the end of ``list``.</doc>
<status status="PASS" starttime="20211213 22:36:23.850" endtime="20211213 22:36:23.850"/>
</kw>
<status status="PASS" starttime="20211213 22:36:23.841" endtime="20211213 22:36:23.850"/>
</iter>
<iter>
<var name="${price}">&lt;selenium.webdriver.remote.webelement.WebElement (session="b9829f4313e1878577e3eba31b95e584", element="2fb13ab5-f642-4e9a-a0c5-fa5c6b91be70")&gt;</var>
<kw name="Remove String" library="String">
<var>${price_string}</var>
<arg>${price.text}</arg>
<arg>$</arg>
<doc>Removes all ``removables`` from the given ``string``.</doc>
<msg timestamp="20211213 22:36:23.858" level="INFO">${price_string} = 15.99</msg>
<status status="PASS" starttime="20211213 22:36:23.850" endtime="20211213 22:36:23.858"/>
</kw>
<kw name="Convert To Number" library="BuiltIn">
<var>${price_float}</var>
<arg>${price_string}</arg>
<doc>Converts the given item to a floating point number.</doc>
<msg timestamp="20211213 22:36:23.859" level="INFO">${price_float} = 15.99</msg>
<status status="PASS" starttime="20211213 22:36:23.858" endtime="20211213 22:36:23.859"/>
</kw>
<kw name="Append To List" library="Collections">
<arg>${prices_float}</arg>
<arg>${price_float}</arg>
<doc>Adds ``values`` to the end of ``list``.</doc>
<status status="PASS" starttime="20211213 22:36:23.859" endtime="20211213 22:36:23.859"/>
</kw>
<status status="PASS" starttime="20211213 22:36:23.850" endtime="20211213 22:36:23.859"/>
</iter>
<iter>
<var name="${price}">&lt;selenium.webdriver.remote.webelement.WebElement (session="b9829f4313e1878577e3eba31b95e584", element="ce50fbf0-9f8e-423f-8762-11f89e242b88")&gt;</var>
<kw name="Remove String" library="String">
<var>${price_string}</var>
<arg>${price.text}</arg>
<arg>$</arg>
<doc>Removes all ``removables`` from the given ``string``.</doc>
<msg timestamp="20211213 22:36:23.866" level="INFO">${price_string} = 15.99</msg>
<status status="PASS" starttime="20211213 22:36:23.859" endtime="20211213 22:36:23.866"/>
</kw>
<kw name="Convert To Number" library="BuiltIn">
<var>${price_float}</var>
<arg>${price_string}</arg>
<doc>Converts the given item to a floating point number.</doc>
<msg timestamp="20211213 22:36:23.867" level="INFO">${price_float} = 15.99</msg>
<status status="PASS" starttime="20211213 22:36:23.867" endtime="20211213 22:36:23.867"/>
</kw>
<kw name="Append To List" library="Collections">
<arg>${prices_float}</arg>
<arg>${price_float}</arg>
<doc>Adds ``values`` to the end of ``list``.</doc>
<status status="PASS" starttime="20211213 22:36:23.867" endtime="20211213 22:36:23.867"/>
</kw>
<status status="PASS" starttime="20211213 22:36:23.859" endtime="20211213 22:36:23.867"/>
</iter>
<iter>
<var name="${price}">&lt;selenium.webdriver.remote.webelement.WebElement (session="b9829f4313e1878577e3eba31b95e584", element="cfae0b8c-3d18-4938-9365-d32e1548cfdf")&gt;</var>
<kw name="Remove String" library="String">
<var>${price_string}</var>
<arg>${price.text}</arg>
<arg>$</arg>
<doc>Removes all ``removables`` from the given ``string``.</doc>
<msg timestamp="20211213 22:36:23.876" level="INFO">${price_string} = 9.99</msg>
<status status="PASS" starttime="20211213 22:36:23.867" endtime="20211213 22:36:23.876"/>
</kw>
<kw name="Convert To Number" library="BuiltIn">
<var>${price_float}</var>
<arg>${price_string}</arg>
<doc>Converts the given item to a floating point number.</doc>
<msg timestamp="20211213 22:36:23.877" level="INFO">${price_float} = 9.99</msg>
<status status="PASS" starttime="20211213 22:36:23.877" endtime="20211213 22:36:23.877"/>
</kw>
<kw name="Append To List" library="Collections">
<arg>${prices_float}</arg>
<arg>${price_float}</arg>
<doc>Adds ``values`` to the end of ``list``.</doc>
<status status="PASS" starttime="20211213 22:36:23.877" endtime="20211213 22:36:23.877"/>
</kw>
<status status="PASS" starttime="20211213 22:36:23.867" endtime="20211213 22:36:23.877"/>
</iter>
<iter>
<var name="${price}">&lt;selenium.webdriver.remote.webelement.WebElement (session="b9829f4313e1878577e3eba31b95e584", element="cc4dd2c0-2f86-4c96-8a29-130248e44cec")&gt;</var>
<kw name="Remove String" library="String">
<var>${price_string}</var>
<arg>${price.text}</arg>
<arg>$</arg>
<doc>Removes all ``removables`` from the given ``string``.</doc>
<msg timestamp="20211213 22:36:23.885" level="INFO">${price_string} = 7.99</msg>
<status status="PASS" starttime="20211213 22:36:23.877" endtime="20211213 22:36:23.885"/>
</kw>
<kw name="Convert To Number" library="BuiltIn">
<var>${price_float}</var>
<arg>${price_string}</arg>
<doc>Converts the given item to a floating point number.</doc>
<msg timestamp="20211213 22:36:23.886" level="INFO">${price_float} = 7.99</msg>
<status status="PASS" starttime="20211213 22:36:23.885" endtime="20211213 22:36:23.886"/>
</kw>
<kw name="Append To List" library="Collections">
<arg>${prices_float}</arg>
<arg>${price_float}</arg>
<doc>Adds ``values`` to the end of ``list``.</doc>
<status status="PASS" starttime="20211213 22:36:23.886" endtime="20211213 22:36:23.886"/>
</kw>
<status status="PASS" starttime="20211213 22:36:23.877" endtime="20211213 22:36:23.886"/>
</iter>
<status status="PASS" starttime="20211213 22:36:23.831" endtime="20211213 22:36:23.886"/>
</for>
<msg timestamp="20211213 22:36:23.886" level="INFO">${original_prices} = [49.99, 29.99, 15.99, 15.99, 9.99, 7.99]</msg>
<status status="PASS" starttime="20211213 22:36:23.823" endtime="20211213 22:36:23.886"/>
</kw>
<kw name="Copy List" library="Collections">
<var>${sorted_prices}</var>
<arg>${original_prices}</arg>
<doc>Returns a copy of the given list.</doc>
<msg timestamp="20211213 22:36:23.887" level="INFO">${sorted_prices} = [49.99, 29.99, 15.99, 15.99, 9.99, 7.99]</msg>
<status status="PASS" starttime="20211213 22:36:23.886" endtime="20211213 22:36:23.887"/>
</kw>
<kw name="Sort List" library="Collections">
<arg>${sorted_prices}</arg>
<doc>Sorts the given list in place.</doc>
<status status="PASS" starttime="20211213 22:36:23.887" endtime="20211213 22:36:23.887"/>
</kw>
<kw name="Reverse List" library="Collections">
<arg>${sorted_prices}</arg>
<doc>Reverses the given list in place.</doc>
<status status="PASS" starttime="20211213 22:36:23.887" endtime="20211213 22:36:23.887"/>
</kw>
<kw name="Lists Should Be Equal" library="Collections">
<arg>${original_prices}</arg>
<arg>${sorted_prices}</arg>
<doc>Fails if given lists are unequal.</doc>
<status status="PASS" starttime="20211213 22:36:23.887" endtime="20211213 22:36:23.887"/>
</kw>
<status status="PASS" starttime="20211213 22:36:23.823" endtime="20211213 22:36:23.887"/>
</kw>
<kw name="Close Browser" library="SeleniumLibrary" type="TEARDOWN">
<doc>Closes the current browser.</doc>
<status status="PASS" starttime="20211213 22:36:23.888" endtime="20211213 22:36:25.965"/>
</kw>
<status status="PASS" starttime="20211213 22:36:22.134" endtime="20211213 22:36:25.965"/>
</test>
<doc>A test suite that tests the sort feature

This test suite tests the sort functionality
in the products page</doc>
<status status="PASS" starttime="20211213 22:36:10.593" endtime="20211213 22:36:25.966"/>
</suite>
<status status="PASS" starttime="20211213 22:35:55.329" endtime="20211213 22:36:25.969"/>
</suite>
<statistics>
<total>
<stat pass="8" fail="0" skip="0">All Tests</stat>
</total>
<tag>
</tag>
<suite>
<stat pass="8" fail="0" skip="0" id="s1" name="Tests">Tests</stat>
<stat pass="4" fail="0" skip="0" id="s1-s1" name="Login">Tests.Login</stat>
<stat pass="4" fail="0" skip="0" id="s1-s2" name="Sort">Tests.Sort</stat>
</suite>
</statistics>
<errors>
</errors>
</robot>
